2025-07-28 19:06:27 [INFO] [AppStartup]: [Config] Configuration validation successful.
2025-07-28 19:06:27 [INFO] [AppStartup] [PID:11100]: [Startup] Application starting. PID: 11100
2025-07-28 19:06:27 [INFO] [DatabaseManager]: [DB] DatabaseManager instance created.
2025-07-28 19:06:27 [INFO] [DatabaseManager]: [DB] Connected to database at ./data/whatsapp_automator.db
2025-07-28 19:06:27 [INFO] [DatabaseManager]: [DB] Table "accounts" checked/created successfully.
2025-07-28 19:06:27 [INFO] [DatabaseManager]: [DB] Table "message_map" checked/created successfully.
2025-07-28 19:06:27 [INFO] [DatabaseManager]: [DB] Table "whatsapp_groups" checked/created successfully.
2025-07-28 19:06:27 [INFO] [DatabaseManager]: [DB] Table "forwarding_rules" checked/created successfully.
2025-07-28 19:06:27 [INFO] [AppStartup]: [Startup] Database initialized successfully.
2025-07-28 19:06:27 [INFO] [AccountManager]: [AccountManager] Initialized.
2025-07-28 19:06:27 [INFO] [AccountManager]: [AccountManager] Loading accounts from database... (Not implemented yet)
2025-07-28 19:06:27 [INFO] [WhatsAppClient] [Acc:default_test_account]: [WhatsAppClient-default_test_account] Instance created.
2025-07-28 19:06:27 [INFO] [AccountManager] [Acc:default_test_account]: [AccountManager] Added test account: default_test_account
2025-07-28 19:06:27 [INFO] [AccountManager]: [AccountManager] Starting all accounts...
2025-07-28 19:06:27 [INFO] [AccountManager] [Acc:default_test_account]: [AccountManager] Starting account default_test_account...
2025-07-28 19:06:27 [INFO] [WhatsAppClient] [Acc:default_test_account]: [WhatsAppClient-default_test_account] Initializing client...
2025-07-28 19:06:27 [INFO] [DBCleanup]: [DB Cleanup] Scheduled periodic DB cleanup every 168 hours.
2025-07-28 19:06:27 [INFO] [DBCleanup]: [DB Cleanup] Starting old records cleanup...
2025-07-28 19:06:27 [INFO] [HttpApi]: [HTTP API] API Server started on http://localhost:3000
2025-07-28 19:06:27 [INFO] [DBCleanup]: [DB Cleanup] Deleted 0 old records from message_map (older than 30 days).
2025-07-28 19:06:27 [INFO] [DBCleanup]: [DB Cleanup] Deleted 0 old records from whatsapp_groups (older than 90 days).
2025-07-28 19:06:27 [INFO] [DBCleanup]: [DB Cleanup] Cleanup finished.
2025-07-28 19:06:27 [INFO] [AppStartup]: [Startup] Application fully started and awaiting events.
2025-07-28 19:06:34 [INFO] [WhatsAppClient] [Acc:default_test_account]: [WhatsAppClient-default_test_account] QR Code for authorization:
2025-07-28 19:07:34 [INFO] [WhatsAppClient] [Acc:default_test_account]: [WhatsAppClient-default_test_account] QR Code for authorization:
2025-07-28 19:07:54 [INFO] [WhatsAppClient] [Acc:default_test_account]: [WhatsAppClient-default_test_account] QR Code for authorization:
2025-07-28 19:08:14 [INFO] [WhatsAppClient] [Acc:default_test_account]: [WhatsAppClient-default_test_account] QR Code for authorization:
2025-07-28 19:08:34 [INFO] [WhatsAppClient] [Acc:default_test_account]: [WhatsAppClient-default_test_account] QR Code for authorization:
2025-07-28 19:08:54 [INFO] [WhatsAppClient] [Acc:default_test_account]: [WhatsAppClient-default_test_account] QR Code for authorization:
2025-07-28 19:10:04 [INFO] [WhatsAppClient] [Acc:default_test_account]: [WhatsAppClient-default_test_account] QR Code for authorization:
2025-07-28 19:10:36 [INFO] [WhatsAppClient] [Acc:default_test_account]: [WhatsAppClient-default_test_account] QR Code for authorization:
2025-07-28 19:10:41 [INFO] [WhatsAppClient] [Acc:default_test_account]: [WhatsAppClient-default_test_account] QR Code for authorization:
2025-07-28 19:11:15 [INFO] [WhatsAppClient] [Acc:default_test_account]: [WhatsAppClient-default_test_account] Client is ready and connected!
2025-07-28 19:12:12 [INFO] [WhatsAppClient] [Acc:default_test_account] [Msg:false_120363026966613453@g.us_899995DFC24E5DC5BB46F08328499E61_56646407565559@lid]: [WhatsAppClient-default_test_account] New message received from 120363026966613453@g.us. Type: document.
2025-07-28 19:13:00 [INFO] [AppStartup]: [Config] Configuration validation successful.
2025-07-28 19:13:00 [INFO] [AppStartup] [PID:27260]: [Startup] Application starting. PID: 27260
2025-07-28 19:13:00 [INFO] [DatabaseManager]: [DB] DatabaseManager instance created.
2025-07-28 19:13:00 [INFO] [DatabaseManager]: [DB] Connected to database at ./data/whatsapp_automator.db
2025-07-28 19:13:00 [INFO] [DatabaseManager]: [DB] Table "accounts" checked/created successfully.
2025-07-28 19:13:00 [INFO] [DatabaseManager]: [DB] Table "message_map" checked/created successfully.
2025-07-28 19:13:00 [INFO] [DatabaseManager]: [DB] Table "whatsapp_groups" checked/created successfully.
2025-07-28 19:13:00 [INFO] [DatabaseManager]: [DB] Table "forwarding_rules" checked/created successfully.
2025-07-28 19:13:00 [INFO] [AppStartup]: [Startup] Database initialized successfully.
2025-07-28 19:13:00 [INFO] [AccountManager]: [AccountManager] Initialized.
2025-07-28 19:13:00 [INFO] [AccountManager]: [AccountManager] Loading accounts from database... (Not implemented yet)
2025-07-28 19:13:00 [INFO] [WhatsAppClient] [Acc:default_test_account]: [WhatsAppClient-default_test_account] Instance created.
2025-07-28 19:13:00 [INFO] [AccountManager] [Acc:default_test_account]: [AccountManager] Added test account: default_test_account
2025-07-28 19:13:00 [INFO] [AccountManager]: [AccountManager] Starting all accounts...
2025-07-28 19:13:00 [INFO] [AccountManager] [Acc:default_test_account]: [AccountManager] Starting account default_test_account...
2025-07-28 19:13:00 [INFO] [WhatsAppClient] [Acc:default_test_account]: [WhatsAppClient-default_test_account] Initializing client...
2025-07-28 19:13:00 [INFO] [DBCleanup]: [DB Cleanup] Scheduled periodic DB cleanup every 168 hours.
2025-07-28 19:13:00 [INFO] [DBCleanup]: [DB Cleanup] Starting old records cleanup...
2025-07-28 19:13:00 [INFO] [HttpApi]: [HTTP API] API Server started on http://localhost:3000
2025-07-28 19:13:00 [INFO] [DBCleanup]: [DB Cleanup] Deleted 0 old records from message_map (older than 30 days).
2025-07-28 19:13:00 [INFO] [DBCleanup]: [DB Cleanup] Deleted 0 old records from whatsapp_groups (older than 90 days).
2025-07-28 19:13:00 [INFO] [DBCleanup]: [DB Cleanup] Cleanup finished.
2025-07-28 19:13:00 [INFO] [AppStartup]: [Startup] Application fully started and awaiting events.
2025-07-28 19:13:06 [INFO] [WhatsAppClient] [Acc:default_test_account]: [WhatsAppClient-default_test_account] Client is ready and connected!
2025-07-28 19:13:10 [INFO] [AppStartup]: [Config] Configuration validation successful.
2025-07-28 19:13:10 [INFO] [AppStartup] [PID:28528]: [Startup] Application starting. PID: 28528
2025-07-28 19:13:10 [INFO] [DatabaseManager]: [DB] DatabaseManager instance created.
2025-07-28 19:13:10 [INFO] [DatabaseManager]: [DB] Connected to database at ./data/whatsapp_automator.db
2025-07-28 19:13:10 [INFO] [DatabaseManager]: [DB] Table "accounts" checked/created successfully.
2025-07-28 19:13:10 [INFO] [DatabaseManager]: [DB] Table "message_map" checked/created successfully.
2025-07-28 19:13:10 [INFO] [DatabaseManager]: [DB] Table "whatsapp_groups" checked/created successfully.
2025-07-28 19:13:10 [INFO] [DatabaseManager]: [DB] Table "forwarding_rules" checked/created successfully.
2025-07-28 19:13:10 [INFO] [AppStartup]: [Startup] Database initialized successfully.
2025-07-28 19:13:10 [INFO] [AccountManager]: [AccountManager] Initialized.
2025-07-28 19:13:10 [INFO] [AccountManager]: [AccountManager] Loading accounts from database... (Not implemented yet)
2025-07-28 19:13:10 [INFO] [WhatsAppClient] [Acc:default_test_account]: [WhatsAppClient-default_test_account] Instance created.
2025-07-28 19:13:10 [INFO] [AccountManager] [Acc:default_test_account]: [AccountManager] Added test account: default_test_account
2025-07-28 19:13:10 [INFO] [AccountManager]: [AccountManager] Starting all accounts...
2025-07-28 19:13:10 [INFO] [AccountManager] [Acc:default_test_account]: [AccountManager] Starting account default_test_account...
2025-07-28 19:13:10 [INFO] [WhatsAppClient] [Acc:default_test_account]: [WhatsAppClient-default_test_account] Initializing client...
2025-07-28 19:13:10 [INFO] [DBCleanup]: [DB Cleanup] Scheduled periodic DB cleanup every 168 hours.
2025-07-28 19:13:10 [INFO] [DBCleanup]: [DB Cleanup] Starting old records cleanup...
2025-07-28 19:13:10 [INFO] [HttpApi]: [HTTP API] API Server started on http://localhost:3000
2025-07-28 19:13:10 [INFO] [DBCleanup]: [DB Cleanup] Deleted 0 old records from message_map (older than 30 days).
2025-07-28 19:13:10 [INFO] [DBCleanup]: [DB Cleanup] Deleted 0 old records from whatsapp_groups (older than 90 days).
2025-07-28 19:13:10 [INFO] [DBCleanup]: [DB Cleanup] Cleanup finished.
2025-07-28 19:13:10 [INFO] [AppStartup]: [Startup] Application fully started and awaiting events.
2025-07-28 19:13:16 [INFO] [WhatsAppClient] [Acc:default_test_account]: [WhatsAppClient-default_test_account] Client is ready and connected!
2025-07-28 19:13:29 [INFO] [AppStartup]: [Config] Configuration validation successful.
2025-07-28 19:13:29 [INFO] [AppStartup] [PID:11124]: [Startup] Application starting. PID: 11124
2025-07-28 19:13:29 [INFO] [DatabaseManager]: [DB] DatabaseManager instance created.
2025-07-28 19:13:29 [INFO] [DatabaseManager]: [DB] Connected to database at ./data/whatsapp_automator.db
2025-07-28 19:13:29 [INFO] [DatabaseManager]: [DB] Table "accounts" checked/created successfully.
2025-07-28 19:13:29 [INFO] [DatabaseManager]: [DB] Table "message_map" checked/created successfully.
2025-07-28 19:13:29 [INFO] [DatabaseManager]: [DB] Table "whatsapp_groups" checked/created successfully.
2025-07-28 19:13:29 [INFO] [DatabaseManager]: [DB] Table "forwarding_rules" checked/created successfully.
2025-07-28 19:13:29 [INFO] [AppStartup]: [Startup] Database initialized successfully.
2025-07-28 19:13:29 [INFO] [AccountManager]: [AccountManager] Initialized.
2025-07-28 19:13:29 [INFO] [AccountManager]: [AccountManager] Loading accounts from database... (Not implemented yet)
2025-07-28 19:13:29 [INFO] [WhatsAppClient] [Acc:default_test_account]: [WhatsAppClient-default_test_account] Instance created.
2025-07-28 19:13:29 [INFO] [AccountManager] [Acc:default_test_account]: [AccountManager] Added test account: default_test_account
2025-07-28 19:13:29 [INFO] [AccountManager]: [AccountManager] Starting all accounts...
2025-07-28 19:13:29 [INFO] [AccountManager] [Acc:default_test_account]: [AccountManager] Starting account default_test_account...
2025-07-28 19:13:29 [INFO] [WhatsAppClient] [Acc:default_test_account]: [WhatsAppClient-default_test_account] Initializing client...
2025-07-28 19:13:29 [INFO] [DBCleanup]: [DB Cleanup] Scheduled periodic DB cleanup every 168 hours.
2025-07-28 19:13:29 [INFO] [DBCleanup]: [DB Cleanup] Starting old records cleanup...
2025-07-28 19:13:29 [INFO] [HttpApi]: [HTTP API] API Server started on http://localhost:3000
2025-07-28 19:13:29 [INFO] [DBCleanup]: [DB Cleanup] Deleted 0 old records from message_map (older than 30 days).
2025-07-28 19:13:29 [INFO] [DBCleanup]: [DB Cleanup] Deleted 0 old records from whatsapp_groups (older than 90 days).
2025-07-28 19:13:29 [INFO] [DBCleanup]: [DB Cleanup] Cleanup finished.
2025-07-28 19:13:29 [INFO] [AppStartup]: [Startup] Application fully started and awaiting events.
2025-07-28 19:13:34 [INFO] [WhatsAppClient] [Acc:default_test_account]: [WhatsAppClient-default_test_account] Client is ready and connected!
2025-07-28 19:13:44 [INFO] [AppStartup]: [Config] Configuration validation successful.
2025-07-28 19:13:44 [INFO] [AppStartup] [PID:18116]: [Startup] Application starting. PID: 18116
2025-07-28 19:13:44 [INFO] [DatabaseManager]: [DB] DatabaseManager instance created.
2025-07-28 19:13:44 [INFO] [DatabaseManager]: [DB] Connected to database at ./data/whatsapp_automator.db
2025-07-28 19:13:44 [INFO] [DatabaseManager]: [DB] Table "accounts" checked/created successfully.
2025-07-28 19:13:44 [INFO] [DatabaseManager]: [DB] Table "message_map" checked/created successfully.
2025-07-28 19:13:44 [INFO] [DatabaseManager]: [DB] Table "whatsapp_groups" checked/created successfully.
2025-07-28 19:13:44 [INFO] [DatabaseManager]: [DB] Table "forwarding_rules" checked/created successfully.
2025-07-28 19:13:44 [INFO] [AppStartup]: [Startup] Database initialized successfully.
2025-07-28 19:13:44 [INFO] [AccountManager]: [AccountManager] Initialized.
2025-07-28 19:13:44 [INFO] [AccountManager]: [AccountManager] Loading accounts from database... (Not implemented yet)
2025-07-28 19:13:44 [INFO] [WhatsAppClient] [Acc:default_test_account]: [WhatsAppClient-default_test_account] Instance created.
2025-07-28 19:13:44 [INFO] [AccountManager] [Acc:default_test_account]: [AccountManager] Added test account: default_test_account
2025-07-28 19:13:44 [INFO] [AccountManager]: [AccountManager] Starting all accounts...
2025-07-28 19:13:44 [INFO] [AccountManager] [Acc:default_test_account]: [AccountManager] Starting account default_test_account...
2025-07-28 19:13:44 [INFO] [WhatsAppClient] [Acc:default_test_account]: [WhatsAppClient-default_test_account] Initializing client...
2025-07-28 19:13:44 [INFO] [DBCleanup]: [DB Cleanup] Scheduled periodic DB cleanup every 168 hours.
2025-07-28 19:13:44 [INFO] [DBCleanup]: [DB Cleanup] Starting old records cleanup...
2025-07-28 19:13:44 [INFO] [HttpApi]: [HTTP API] API Server started on http://localhost:3000
2025-07-28 19:13:44 [INFO] [DBCleanup]: [DB Cleanup] Deleted 0 old records from message_map (older than 30 days).
2025-07-28 19:13:44 [INFO] [DBCleanup]: [DB Cleanup] Deleted 0 old records from whatsapp_groups (older than 90 days).
2025-07-28 19:13:44 [INFO] [DBCleanup]: [DB Cleanup] Cleanup finished.
2025-07-28 19:13:44 [INFO] [AppStartup]: [Startup] Application fully started and awaiting events.
2025-07-28 19:13:50 [INFO] [WhatsAppClient] [Acc:default_test_account]: [WhatsAppClient-default_test_account] Client is ready and connected!
2025-07-28 19:13:54 [INFO] [AppStartup]: [Config] Configuration validation successful.
2025-07-28 19:13:54 [INFO] [AppStartup] [PID:21468]: [Startup] Application starting. PID: 21468
2025-07-28 19:13:54 [INFO] [DatabaseManager]: [DB] DatabaseManager instance created.
2025-07-28 19:13:54 [INFO] [DatabaseManager]: [DB] Connected to database at ./data/whatsapp_automator.db
2025-07-28 19:13:54 [INFO] [DatabaseManager]: [DB] Table "accounts" checked/created successfully.
2025-07-28 19:13:54 [INFO] [DatabaseManager]: [DB] Table "message_map" checked/created successfully.
2025-07-28 19:13:54 [INFO] [DatabaseManager]: [DB] Table "whatsapp_groups" checked/created successfully.
2025-07-28 19:13:54 [INFO] [DatabaseManager]: [DB] Table "forwarding_rules" checked/created successfully.
2025-07-28 19:13:54 [INFO] [AppStartup]: [Startup] Database initialized successfully.
2025-07-28 19:13:54 [INFO] [AccountManager]: [AccountManager] Initialized.
2025-07-28 19:13:54 [INFO] [AccountManager]: [AccountManager] Loading accounts from database... (Not implemented yet)
2025-07-28 19:13:54 [INFO] [WhatsAppClient] [Acc:default_test_account]: [WhatsAppClient-default_test_account] Instance created.
2025-07-28 19:13:54 [INFO] [AccountManager] [Acc:default_test_account]: [AccountManager] Added test account: default_test_account
2025-07-28 19:13:54 [INFO] [AccountManager]: [AccountManager] Starting all accounts...
2025-07-28 19:13:54 [INFO] [AccountManager] [Acc:default_test_account]: [AccountManager] Starting account default_test_account...
2025-07-28 19:13:54 [INFO] [WhatsAppClient] [Acc:default_test_account]: [WhatsAppClient-default_test_account] Initializing client...
2025-07-28 19:13:54 [INFO] [DBCleanup]: [DB Cleanup] Scheduled periodic DB cleanup every 168 hours.
2025-07-28 19:13:54 [INFO] [DBCleanup]: [DB Cleanup] Starting old records cleanup...
2025-07-28 19:13:54 [INFO] [HttpApi]: [HTTP API] API Server started on http://localhost:3000
2025-07-28 19:13:54 [INFO] [DBCleanup]: [DB Cleanup] Deleted 0 old records from message_map (older than 30 days).
2025-07-28 19:13:54 [INFO] [DBCleanup]: [DB Cleanup] Deleted 0 old records from whatsapp_groups (older than 90 days).
2025-07-28 19:13:54 [INFO] [DBCleanup]: [DB Cleanup] Cleanup finished.
2025-07-28 19:13:54 [INFO] [AppStartup]: [Startup] Application fully started and awaiting events.
2025-07-28 19:14:00 [INFO] [WhatsAppClient] [Acc:default_test_account]: [WhatsAppClient-default_test_account] Client is ready and connected!
2025-07-28 19:14:06 [INFO] [AppStartup]: [Config] Configuration validation successful.
2025-07-28 19:14:06 [INFO] [AppStartup] [PID:27324]: [Startup] Application starting. PID: 27324
2025-07-28 19:14:06 [INFO] [DatabaseManager]: [DB] DatabaseManager instance created.
2025-07-28 19:14:06 [INFO] [DatabaseManager]: [DB] Connected to database at ./data/whatsapp_automator.db
2025-07-28 19:14:06 [INFO] [DatabaseManager]: [DB] Table "accounts" checked/created successfully.
2025-07-28 19:14:06 [INFO] [DatabaseManager]: [DB] Table "message_map" checked/created successfully.
2025-07-28 19:14:06 [INFO] [DatabaseManager]: [DB] Table "whatsapp_groups" checked/created successfully.
2025-07-28 19:14:06 [INFO] [DatabaseManager]: [DB] Table "forwarding_rules" checked/created successfully.
2025-07-28 19:14:06 [INFO] [AppStartup]: [Startup] Database initialized successfully.
2025-07-28 19:14:06 [INFO] [AccountManager]: [AccountManager] Initialized.
2025-07-28 19:14:06 [INFO] [AccountManager]: [AccountManager] Loading accounts from database... (Not implemented yet)
2025-07-28 19:14:06 [INFO] [WhatsAppClient] [Acc:default_test_account]: [WhatsAppClient-default_test_account] Instance created.
2025-07-28 19:14:06 [INFO] [AccountManager] [Acc:default_test_account]: [AccountManager] Added test account: default_test_account
2025-07-28 19:14:06 [INFO] [AccountManager]: [AccountManager] Starting all accounts...
2025-07-28 19:14:06 [INFO] [AccountManager] [Acc:default_test_account]: [AccountManager] Starting account default_test_account...
2025-07-28 19:14:06 [INFO] [WhatsAppClient] [Acc:default_test_account]: [WhatsAppClient-default_test_account] Initializing client...
2025-07-28 19:14:06 [INFO] [DBCleanup]: [DB Cleanup] Scheduled periodic DB cleanup every 168 hours.
2025-07-28 19:14:06 [INFO] [DBCleanup]: [DB Cleanup] Starting old records cleanup...
2025-07-28 19:14:06 [INFO] [HttpApi]: [HTTP API] API Server started on http://localhost:3000
2025-07-28 19:14:06 [INFO] [DBCleanup]: [DB Cleanup] Deleted 0 old records from message_map (older than 30 days).
2025-07-28 19:14:06 [INFO] [DBCleanup]: [DB Cleanup] Deleted 0 old records from whatsapp_groups (older than 90 days).
2025-07-28 19:14:06 [INFO] [DBCleanup]: [DB Cleanup] Cleanup finished.
2025-07-28 19:14:06 [INFO] [AppStartup]: [Startup] Application fully started and awaiting events.
2025-07-28 19:14:12 [INFO] [WhatsAppClient] [Acc:default_test_account]: [WhatsAppClient-default_test_account] Client is ready and connected!
2025-07-28 19:15:00 [INFO] [AppStartup]: [Config] Configuration validation successful.
2025-07-28 19:15:00 [INFO] [AppStartup] [PID:7312]: [Startup] Application starting. PID: 7312
2025-07-28 19:15:00 [INFO] [DatabaseManager]: [DB] DatabaseManager instance created.
2025-07-28 19:15:00 [INFO] [DatabaseManager]: [DB] Connected to database at ./data/whatsapp_automator.db
2025-07-28 19:15:00 [INFO] [DatabaseManager]: [DB] Table "accounts" checked/created successfully.
2025-07-28 19:15:00 [INFO] [DatabaseManager]: [DB] Table "message_map" checked/created successfully.
2025-07-28 19:15:00 [INFO] [DatabaseManager]: [DB] Table "whatsapp_groups" checked/created successfully.
2025-07-28 19:15:00 [INFO] [DatabaseManager]: [DB] Table "forwarding_rules" checked/created successfully.
2025-07-28 19:15:00 [INFO] [AppStartup]: [Startup] Database initialized successfully.
2025-07-28 19:15:00 [INFO] [AccountRepository]: [AccountRepository] Initialized.
2025-07-28 19:15:00 [INFO] [AccountManager]: [AccountManager] Initialized.
2025-07-28 19:15:00 [INFO] [AccountManager]: [AccountManager] Loading accounts from database...
2025-07-28 19:15:00 [INFO] [HttpApi]: [HTTP API] API Server started on http://localhost:3000
2025-07-28 19:15:00 [INFO] [AccountManager]: [AccountManager] No accounts found in the database. Initializing a default test account for demonstration.
2025-07-28 19:15:00 [INFO] [AccountRepository] [Acc:default_test_account]: [AccountRepository] Account default_test_account saved/updated successfully.
2025-07-28 19:15:00 [INFO] [AccountManager] [Acc:default_test_account]: [AccountManager] Saved default test account 'default_test_account' to DB.
2025-07-28 19:15:00 [INFO] [WhatsAppClient] [Acc:default_test_account]: [WhatsAppClient-default_test_account] Instance created.
2025-07-28 19:15:00 [INFO] [AccountManager] [Acc:default_test_account]: [AccountManager] Added default test account: default_test_account
2025-07-28 19:15:00 [INFO] [AccountManager]: [AccountManager] Starting all accounts...
2025-07-28 19:15:00 [INFO] [DBCleanup]: [DB Cleanup] Scheduled periodic DB cleanup every 168 hours.
2025-07-28 19:15:00 [INFO] [DBCleanup]: [DB Cleanup] Starting old records cleanup...
2025-07-28 19:15:00 [INFO] [AccountRepository] [Acc:default_test_account]: [AccountRepository] Account default_test_account status updated to connecting.
2025-07-28 19:15:00 [INFO] [AccountManager] [Acc:default_test_account]: [AccountManager] Starting account default_test_account...
2025-07-28 19:15:00 [INFO] [WhatsAppClient] [Acc:default_test_account]: [WhatsAppClient-default_test_account] Initializing client...
2025-07-28 19:15:00 [INFO] [DBCleanup]: [DB Cleanup] Deleted 0 old records from message_map (older than 30 days).
2025-07-28 19:15:00 [INFO] [DBCleanup]: [DB Cleanup] Deleted 0 old records from whatsapp_groups (older than 90 days).
2025-07-28 19:15:00 [INFO] [DBCleanup]: [DB Cleanup] Cleanup finished.
2025-07-28 19:15:00 [INFO] [AppStartup]: [Startup] Application fully started and awaiting events.
2025-07-28 19:15:06 [INFO] [WhatsAppClient] [Acc:default_test_account]: [WhatsAppClient-default_test_account] Client is ready and connected!
2025-07-28 19:15:12 [INFO] [AppStartup]: [Config] Configuration validation successful.
2025-07-28 19:15:12 [INFO] [AppStartup] [PID:27976]: [Startup] Application starting. PID: 27976
2025-07-28 19:15:12 [INFO] [DatabaseManager]: [DB] DatabaseManager instance created.
2025-07-28 19:15:12 [INFO] [DatabaseManager]: [DB] Connected to database at ./data/whatsapp_automator.db
2025-07-28 19:15:12 [INFO] [DatabaseManager]: [DB] Table "accounts" checked/created successfully.
2025-07-28 19:15:12 [INFO] [DatabaseManager]: [DB] Table "message_map" checked/created successfully.
2025-07-28 19:15:12 [INFO] [DatabaseManager]: [DB] Table "whatsapp_groups" checked/created successfully.
2025-07-28 19:15:12 [INFO] [DatabaseManager]: [DB] Table "forwarding_rules" checked/created successfully.
2025-07-28 19:15:12 [INFO] [AppStartup]: [Startup] Database initialized successfully.
2025-07-28 19:15:12 [INFO] [AccountRepository]: [AccountRepository] Initialized.
2025-07-28 19:15:12 [INFO] [AccountManager]: [AccountManager] Initialized.
2025-07-28 19:15:12 [INFO] [AccountManager]: [AccountManager] Loading accounts from database...
2025-07-28 19:15:12 [INFO] [HttpApi]: [HTTP API] API Server started on http://localhost:3000
2025-07-28 19:15:12 [INFO] [AccountRepository]: [AccountRepository] Initialized.
2025-07-28 19:15:12 [INFO] [WhatsAppClient] [Acc:default_test_account]: [WhatsAppClient-default_test_account] Instance created.
2025-07-28 19:15:12 [INFO] [AccountManager] [Acc:default_test_account]: [AccountManager] Loaded account from DB: default_test_account with status connecting.
2025-07-28 19:15:12 [INFO] [AccountManager]: [AccountManager] Successfully loaded 1 accounts from DB.
2025-07-28 19:15:12 [INFO] [AccountManager]: [AccountManager] Starting all accounts...
2025-07-28 19:15:12 [INFO] [DBCleanup]: [DB Cleanup] Scheduled periodic DB cleanup every 168 hours.
2025-07-28 19:15:12 [INFO] [DBCleanup]: [DB Cleanup] Starting old records cleanup...
2025-07-28 19:15:12 [INFO] [AccountRepository] [Acc:default_test_account]: [AccountRepository] Account default_test_account status updated to connecting.
2025-07-28 19:15:12 [INFO] [AccountManager] [Acc:default_test_account]: [AccountManager] Starting account default_test_account...
2025-07-28 19:15:12 [INFO] [WhatsAppClient] [Acc:default_test_account]: [WhatsAppClient-default_test_account] Initializing client...
2025-07-28 19:15:12 [INFO] [DBCleanup]: [DB Cleanup] Deleted 0 old records from message_map (older than 30 days).
2025-07-28 19:15:12 [INFO] [DBCleanup]: [DB Cleanup] Deleted 0 old records from whatsapp_groups (older than 90 days).
2025-07-28 19:15:12 [INFO] [DBCleanup]: [DB Cleanup] Cleanup finished.
2025-07-28 19:15:12 [INFO] [AppStartup]: [Startup] Application fully started and awaiting events.
2025-07-28 19:15:18 [INFO] [WhatsAppClient] [Acc:default_test_account]: [WhatsAppClient-default_test_account] Client is ready and connected!
2025-07-28 19:15:18 [INFO] [AccountRepository] [Acc:default_test_account]: [AccountRepository] Account default_test_account status updated to connected.
2025-07-28 19:17:33 [INFO] [AppShutdown]: [Shutdown] SIGINT signal received. Starting graceful shutdown...
2025-07-28 19:17:37 [INFO] [AppStartup]: [Config] Configuration validation successful.
2025-07-28 19:17:37 [INFO] [AppStartup] [PID:24392]: [Startup] Application starting. PID: 24392
2025-07-28 19:17:37 [INFO] [DatabaseManager]: [DB] DatabaseManager instance created.
2025-07-28 19:17:37 [INFO] [DatabaseManager]: [DB] Connected to database at ./data/whatsapp_automator.db
2025-07-28 19:17:37 [INFO] [DatabaseManager]: [DB] Table "accounts" checked/created successfully.
2025-07-28 19:17:37 [INFO] [DatabaseManager]: [DB] Table "message_map" checked/created successfully.
2025-07-28 19:17:37 [INFO] [DatabaseManager]: [DB] Table "whatsapp_groups" checked/created successfully.
2025-07-28 19:17:37 [INFO] [DatabaseManager]: [DB] Table "forwarding_rules" checked/created successfully.
2025-07-28 19:17:37 [INFO] [AppStartup]: [Startup] Database initialized successfully.
2025-07-28 19:17:37 [INFO] [AccountRepository]: [AccountRepository] Initialized.
2025-07-28 19:17:37 [INFO] [AccountManager]: [AccountManager] Initialized.
2025-07-28 19:17:37 [INFO] [AccountManager]: [AccountManager] Loading accounts from database...
2025-07-28 19:17:37 [INFO] [HttpApi]: [HTTP API] API Server started on http://localhost:3000
2025-07-28 19:17:37 [INFO] [AccountRepository]: [AccountRepository] Initialized.
2025-07-28 19:17:37 [INFO] [WhatsAppClient] [Acc:default_test_account]: [WhatsAppClient-default_test_account] Instance created.
2025-07-28 19:17:37 [INFO] [AccountManager] [Acc:default_test_account]: [AccountManager] Loaded account from DB: default_test_account with status connected.
2025-07-28 19:17:37 [INFO] [AccountManager]: [AccountManager] Successfully loaded 1 accounts from DB.
2025-07-28 19:17:37 [INFO] [AccountManager]: [AccountManager] Starting all accounts...
2025-07-28 19:17:37 [INFO] [DBCleanup]: [DB Cleanup] Scheduled periodic DB cleanup every 168 hours.
2025-07-28 19:17:37 [INFO] [DBCleanup]: [DB Cleanup] Starting old records cleanup...
2025-07-28 19:17:37 [INFO] [AccountRepository] [Acc:default_test_account]: [AccountRepository] Account default_test_account status updated to connecting.
2025-07-28 19:17:37 [INFO] [AccountManager] [Acc:default_test_account]: [AccountManager] Starting account default_test_account...
2025-07-28 19:17:37 [INFO] [WhatsAppClient] [Acc:default_test_account]: [WhatsAppClient-default_test_account] Initializing client...
2025-07-28 19:17:37 [INFO] [DBCleanup]: [DB Cleanup] Deleted 0 old records from message_map (older than 30 days).
2025-07-28 19:17:37 [INFO] [DBCleanup]: [DB Cleanup] Deleted 0 old records from whatsapp_groups (older than 90 days).
2025-07-28 19:17:37 [INFO] [DBCleanup]: [DB Cleanup] Cleanup finished.
2025-07-28 19:17:37 [INFO] [AppStartup]: [Startup] Application fully started and awaiting events.
2025-07-28 19:17:43 [INFO] [WhatsAppClient] [Acc:default_test_account]: [WhatsAppClient-default_test_account] Client is ready and connected!
2025-07-28 19:17:43 [INFO] [AccountRepository] [Acc:default_test_account]: [AccountRepository] Account default_test_account status updated to connected.
2025-07-28 19:18:08 [INFO] [AppStartup]: [Config] Configuration validation successful.
2025-07-28 19:18:08 [INFO] [AppStartup] [PID:26796]: [Startup] Application starting. PID: 26796
2025-07-28 19:18:08 [INFO] [DatabaseManager]: [DB] DatabaseManager instance created.
2025-07-28 19:18:08 [INFO] [DatabaseManager]: [DB] Connected to database at ./data/whatsapp_automator.db
2025-07-28 19:18:08 [INFO] [DatabaseManager]: [DB] Table "accounts" checked/created successfully.
2025-07-28 19:18:08 [INFO] [DatabaseManager]: [DB] Table "message_map" checked/created successfully.
2025-07-28 19:18:08 [INFO] [DatabaseManager]: [DB] Table "whatsapp_groups" checked/created successfully.
2025-07-28 19:18:08 [INFO] [DatabaseManager]: [DB] Table "forwarding_rules" checked/created successfully.
2025-07-28 19:18:23 [INFO] [AppStartup]: [Config] Configuration validation successful.
2025-07-28 19:18:23 [INFO] [AppStartup] [PID:28488]: [Startup] Application starting. PID: 28488
2025-07-28 19:18:23 [INFO] [DatabaseManager]: [DB] DatabaseManager instance created.
2025-07-28 19:18:23 [INFO] [DatabaseManager]: [DB] Connected to database at ./data/whatsapp_automator.db
2025-07-28 19:18:23 [INFO] [DatabaseManager]: [DB] Table "accounts" checked/created successfully.
2025-07-28 19:18:23 [INFO] [DatabaseManager]: [DB] Table "message_map" checked/created successfully.
2025-07-28 19:18:23 [INFO] [DatabaseManager]: [DB] Table "whatsapp_groups" checked/created successfully.
2025-07-28 19:18:23 [INFO] [DatabaseManager]: [DB] Table "forwarding_rules" checked/created successfully.
2025-07-28 19:18:23 [INFO] [AppStartup]: [Startup] Database initialized successfully.
2025-07-28 19:18:23 [INFO] [AccountRepository]: [AccountRepository] Initialized.
2025-07-28 19:18:23 [INFO] [AccountManager]: [AccountManager] Initialized.
2025-07-28 19:18:23 [INFO] [AccountManager]: [AccountManager] Loading accounts from database...
2025-07-28 19:18:23 [INFO] [AccountRepository]: [AccountRepository] Initialized.
2025-07-28 19:18:23 [INFO] [WhatsAppClient] [Acc:default_test_account]: [WhatsAppClient-default_test_account] Instance created.
2025-07-28 19:18:23 [INFO] [AccountManager] [Acc:default_test_account]: [AccountManager] Loaded account from DB: default_test_account with status connected.
2025-07-28 19:18:23 [INFO] [AccountManager]: [AccountManager] Successfully loaded 1 accounts from DB.
2025-07-28 19:18:23 [INFO] [AccountManager]: [AccountManager] Starting all accounts...
2025-07-28 19:18:23 [INFO] [DBCleanup]: [DB Cleanup] Scheduled periodic DB cleanup every 168 hours.
2025-07-28 19:18:23 [INFO] [DBCleanup]: [DB Cleanup] Starting old records cleanup...
2025-07-28 19:18:23 [INFO] [HttpApi]: [HTTP API] API Server started on http://localhost:3000
2025-07-28 19:18:23 [INFO] [AccountRepository] [Acc:default_test_account]: [AccountRepository] Account default_test_account status updated to connecting.
2025-07-28 19:18:23 [INFO] [AccountManager] [Acc:default_test_account]: [AccountManager] Starting account default_test_account...
2025-07-28 19:18:23 [INFO] [WhatsAppClient] [Acc:default_test_account]: [WhatsAppClient-default_test_account] Initializing client...
2025-07-28 19:18:23 [INFO] [DBCleanup]: [DB Cleanup] Deleted 0 old records from message_map (older than 30 days).
2025-07-28 19:18:23 [INFO] [DBCleanup]: [DB Cleanup] Deleted 0 old records from whatsapp_groups (older than 90 days).
2025-07-28 19:18:23 [INFO] [DBCleanup]: [DB Cleanup] Cleanup finished.
2025-07-28 19:18:23 [INFO] [AppStartup]: [Startup] Application fully started and awaiting events.
2025-07-28 19:18:29 [INFO] [WhatsAppClient] [Acc:default_test_account]: [WhatsAppClient-default_test_account] Client is ready and connected!
2025-07-28 19:18:29 [INFO] [AccountRepository] [Acc:default_test_account]: [AccountRepository] Account default_test_account status updated to connected.
2025-07-28 19:18:30 [INFO] [AppStartup]: [Config] Configuration validation successful.
2025-07-28 19:18:30 [INFO] [AppStartup] [PID:4380]: [Startup] Application starting. PID: 4380
2025-07-28 19:18:30 [INFO] [DatabaseManager]: [DB] DatabaseManager instance created.
2025-07-28 19:18:30 [INFO] [DatabaseManager]: [DB] Connected to database at ./data/whatsapp_automator.db
2025-07-28 19:18:30 [INFO] [DatabaseManager]: [DB] Table "accounts" checked/created successfully.
2025-07-28 19:18:30 [INFO] [DatabaseManager]: [DB] Table "message_map" checked/created successfully.
2025-07-28 19:18:30 [INFO] [DatabaseManager]: [DB] Table "whatsapp_groups" checked/created successfully.
2025-07-28 19:18:30 [INFO] [DatabaseManager]: [DB] Table "forwarding_rules" checked/created successfully.
2025-07-28 19:18:44 [INFO] [AppStartup]: [Config] Configuration validation successful.
2025-07-28 19:18:44 [INFO] [AppStartup] [PID:9256]: [Startup] Application starting. PID: 9256
2025-07-28 19:18:44 [INFO] [DatabaseManager]: [DB] DatabaseManager instance created.
2025-07-28 19:18:44 [INFO] [DatabaseManager]: [DB] Connected to database at ./data/whatsapp_automator.db
2025-07-28 19:18:44 [INFO] [DatabaseManager]: [DB] Table "accounts" checked/created successfully.
2025-07-28 19:18:44 [INFO] [DatabaseManager]: [DB] Table "message_map" checked/created successfully.
2025-07-28 19:18:44 [INFO] [DatabaseManager]: [DB] Table "whatsapp_groups" checked/created successfully.
2025-07-28 19:18:44 [INFO] [DatabaseManager]: [DB] Table "forwarding_rules" checked/created successfully.
2025-07-28 19:18:44 [INFO] [AppStartup]: [Startup] Database initialized successfully.
2025-07-28 19:18:44 [INFO] [AccountRepository]: [AccountRepository] Initialized.
2025-07-28 19:18:44 [INFO] [AccountManager]: [AccountManager] Initialized.
2025-07-28 19:18:44 [INFO] [AccountManager]: [AccountManager] Loading accounts from database...
2025-07-28 19:18:44 [INFO] [AccountRepository]: [AccountRepository] Initialized.
2025-07-28 19:18:44 [INFO] [WhatsAppClient] [Acc:default_test_account]: [WhatsAppClient-default_test_account] Instance created.
2025-07-28 19:18:44 [INFO] [AccountManager] [Acc:default_test_account]: [AccountManager] Loaded account from DB: default_test_account with status connected.
2025-07-28 19:18:44 [INFO] [AccountManager]: [AccountManager] Successfully loaded 1 accounts from DB.
2025-07-28 19:18:44 [INFO] [AccountManager]: [AccountManager] Starting all accounts...
2025-07-28 19:18:44 [INFO] [DBCleanup]: [DB Cleanup] Scheduled periodic DB cleanup every 168 hours.
2025-07-28 19:18:44 [INFO] [DBCleanup]: [DB Cleanup] Starting old records cleanup...
2025-07-28 19:18:44 [INFO] [HttpApi]: [HTTP API] API Server started on http://localhost:3000
2025-07-28 19:18:44 [INFO] [AccountRepository] [Acc:default_test_account]: [AccountRepository] Account default_test_account status updated to connecting.
2025-07-28 19:18:44 [INFO] [AccountManager] [Acc:default_test_account]: [AccountManager] Starting account default_test_account...
2025-07-28 19:18:44 [INFO] [WhatsAppClient] [Acc:default_test_account]: [WhatsAppClient-default_test_account] Initializing client...
2025-07-28 19:18:44 [INFO] [DBCleanup]: [DB Cleanup] Deleted 0 old records from message_map (older than 30 days).
2025-07-28 19:18:44 [INFO] [DBCleanup]: [DB Cleanup] Deleted 0 old records from whatsapp_groups (older than 90 days).
2025-07-28 19:18:44 [INFO] [DBCleanup]: [DB Cleanup] Cleanup finished.
2025-07-28 19:18:44 [INFO] [AppStartup]: [Startup] Application fully started and awaiting events.
2025-07-28 19:18:50 [INFO] [WhatsAppClient] [Acc:default_test_account]: [WhatsAppClient-default_test_account] Client is ready and connected!
2025-07-28 19:18:50 [INFO] [AccountRepository] [Acc:default_test_account]: [AccountRepository] Account default_test_account status updated to connected.
2025-07-28 19:19:00 [INFO] [AppStartup]: [Config] Configuration validation successful.
2025-07-28 19:19:00 [INFO] [AppStartup] [PID:22200]: [Startup] Application starting. PID: 22200
2025-07-28 19:19:00 [INFO] [DatabaseManager]: [DB] DatabaseManager instance created.
2025-07-28 19:19:00 [INFO] [DatabaseManager]: [DB] Connected to database at ./data/whatsapp_automator.db
2025-07-28 19:19:00 [INFO] [DatabaseManager]: [DB] Table "accounts" checked/created successfully.
2025-07-28 19:19:00 [INFO] [DatabaseManager]: [DB] Table "message_map" checked/created successfully.
2025-07-28 19:19:00 [INFO] [DatabaseManager]: [DB] Table "whatsapp_groups" checked/created successfully.
2025-07-28 19:19:00 [INFO] [DatabaseManager]: [DB] Table "forwarding_rules" checked/created successfully.
2025-07-28 19:19:00 [INFO] [AppStartup]: [Startup] Database initialized successfully.
2025-07-28 19:19:00 [INFO] [AccountRepository]: [AccountRepository] Initialized.
2025-07-28 19:19:00 [INFO] [AccountManager]: [AccountManager] Initialized.
2025-07-28 19:19:00 [INFO] [AccountManager]: [AccountManager] Loading accounts from database...
2025-07-28 19:19:00 [INFO] [AccountRepository]: [AccountRepository] Initialized.
2025-07-28 19:19:00 [INFO] [WhatsAppClient] [Acc:default_test_account]: [WhatsAppClient-default_test_account] Instance created.
2025-07-28 19:19:00 [INFO] [AccountManager] [Acc:default_test_account]: [AccountManager] Loaded account from DB: default_test_account with status connected.
2025-07-28 19:19:00 [INFO] [AccountManager]: [AccountManager] Successfully loaded 1 accounts from DB.
2025-07-28 19:19:00 [INFO] [AccountManager]: [AccountManager] Starting all accounts...
2025-07-28 19:19:00 [INFO] [DBCleanup]: [DB Cleanup] Scheduled periodic DB cleanup every 168 hours.
2025-07-28 19:19:00 [INFO] [DBCleanup]: [DB Cleanup] Starting old records cleanup...
2025-07-28 19:19:00 [INFO] [HttpApi]: [HTTP API] API Server started on http://localhost:3000
2025-07-28 19:19:00 [INFO] [AccountRepository] [Acc:default_test_account]: [AccountRepository] Account default_test_account status updated to connecting.
2025-07-28 19:19:00 [INFO] [AccountManager] [Acc:default_test_account]: [AccountManager] Starting account default_test_account...
2025-07-28 19:19:00 [INFO] [WhatsAppClient] [Acc:default_test_account]: [WhatsAppClient-default_test_account] Initializing client...
2025-07-28 19:19:00 [INFO] [DBCleanup]: [DB Cleanup] Deleted 0 old records from message_map (older than 30 days).
2025-07-28 19:19:00 [INFO] [DBCleanup]: [DB Cleanup] Deleted 0 old records from whatsapp_groups (older than 90 days).
2025-07-28 19:19:00 [INFO] [DBCleanup]: [DB Cleanup] Cleanup finished.
2025-07-28 19:19:00 [INFO] [AppStartup]: [Startup] Application fully started and awaiting events.
2025-07-28 19:19:06 [INFO] [WhatsAppClient] [Acc:default_test_account]: [WhatsAppClient-default_test_account] Client is ready and connected!
2025-07-28 19:19:06 [INFO] [AccountRepository] [Acc:default_test_account]: [AccountRepository] Account default_test_account status updated to connected.
2025-07-28 19:19:21 [INFO] [AppStartup]: [Config] Configuration validation successful.
2025-07-28 19:19:21 [INFO] [AppStartup] [PID:24392]: [Startup] Application starting. PID: 24392
2025-07-28 19:19:21 [INFO] [DatabaseManager]: [DB] DatabaseManager instance created.
2025-07-28 19:19:21 [INFO] [DatabaseManager]: [DB] Connected to database at ./data/whatsapp_automator.db
2025-07-28 19:19:21 [INFO] [DatabaseManager]: [DB] Table "accounts" checked/created successfully.
2025-07-28 19:19:21 [INFO] [DatabaseManager]: [DB] Table "message_map" checked/created successfully.
2025-07-28 19:19:21 [INFO] [DatabaseManager]: [DB] Table "whatsapp_groups" checked/created successfully.
2025-07-28 19:19:21 [INFO] [DatabaseManager]: [DB] Table "forwarding_rules" checked/created successfully.
2025-07-28 19:19:21 [INFO] [AppStartup]: [Startup] Database initialized successfully.
2025-07-28 19:19:21 [INFO] [AccountRepository]: [AccountRepository] Initialized.
2025-07-28 19:19:21 [INFO] [AccountManager]: [AccountManager] Initialized.
2025-07-28 19:19:21 [INFO] [AccountManager]: [AccountManager] Loading accounts from database...
2025-07-28 19:19:21 [INFO] [AccountRepository]: [AccountRepository] Initialized.
2025-07-28 19:19:21 [INFO] [WhatsAppClient] [Acc:default_test_account]: [WhatsAppClient-default_test_account] Instance created.
2025-07-28 19:19:21 [INFO] [AccountManager] [Acc:default_test_account]: [AccountManager] Loaded account from DB: default_test_account with status connected.
2025-07-28 19:19:21 [INFO] [AccountManager]: [AccountManager] Successfully loaded 1 accounts from DB.
2025-07-28 19:19:21 [INFO] [AccountManager]: [AccountManager] Starting all accounts...
2025-07-28 19:19:21 [INFO] [DBCleanup]: [DB Cleanup] Scheduled periodic DB cleanup every 168 hours.
2025-07-28 19:19:21 [INFO] [DBCleanup]: [DB Cleanup] Starting old records cleanup...
2025-07-28 19:19:21 [INFO] [HttpApi]: [HTTP API] API Server started on http://localhost:3000
2025-07-28 19:19:21 [INFO] [AccountRepository] [Acc:default_test_account]: [AccountRepository] Account default_test_account status updated to connecting.
2025-07-28 19:19:21 [INFO] [AccountManager] [Acc:default_test_account]: [AccountManager] Starting account default_test_account...
2025-07-28 19:19:21 [INFO] [WhatsAppClient] [Acc:default_test_account]: [WhatsAppClient-default_test_account] Initializing client...
2025-07-28 19:19:21 [INFO] [DBCleanup]: [DB Cleanup] Deleted 0 old records from message_map (older than 30 days).
2025-07-28 19:19:21 [INFO] [DBCleanup]: [DB Cleanup] Deleted 0 old records from whatsapp_groups (older than 90 days).
2025-07-28 19:19:21 [INFO] [DBCleanup]: [DB Cleanup] Cleanup finished.
2025-07-28 19:19:21 [INFO] [AppStartup]: [Startup] Application fully started and awaiting events.
2025-07-28 19:19:27 [INFO] [WhatsAppClient] [Acc:default_test_account]: [WhatsAppClient-default_test_account] Client is ready and connected!
2025-07-28 19:19:27 [INFO] [AccountRepository] [Acc:default_test_account]: [AccountRepository] Account default_test_account status updated to connected.
2025-07-28 19:19:29 [INFO] [AppShutdown]: [Shutdown] SIGINT signal received. Starting graceful shutdown...
2025-07-28 19:19:48 [INFO] [AppStartup]: [Config] Configuration validation successful.
2025-07-28 19:19:48 [INFO] [AppStartup] [PID:22076]: [Startup] Application starting. PID: 22076
2025-07-28 19:19:48 [INFO] [DatabaseManager]: [DB] DatabaseManager instance created.
2025-07-28 19:19:48 [INFO] [DatabaseManager]: [DB] Connected to database at ./data/whatsapp_automator.db
2025-07-28 19:19:48 [INFO] [DatabaseManager]: [DB] Table "accounts" checked/created successfully.
2025-07-28 19:19:48 [INFO] [DatabaseManager]: [DB] Table "message_map" checked/created successfully.
2025-07-28 19:19:48 [INFO] [DatabaseManager]: [DB] Table "whatsapp_groups" checked/created successfully.
2025-07-28 19:19:48 [INFO] [DatabaseManager]: [DB] Table "forwarding_rules" checked/created successfully.
2025-07-28 19:19:48 [INFO] [AppStartup]: [Startup] Database initialized successfully.
2025-07-28 19:19:48 [INFO] [AccountRepository]: [AccountRepository] Initialized.
2025-07-28 19:19:48 [INFO] [AccountManager]: [AccountManager] Initialized.
2025-07-28 19:19:48 [INFO] [AccountManager]: [AccountManager] Loading accounts from database...
2025-07-28 19:19:48 [INFO] [AccountRepository]: [AccountRepository] Initialized.
2025-07-28 19:19:48 [INFO] [WhatsAppClient] [Acc:default_test_account]: [WhatsAppClient-default_test_account] Instance created.
2025-07-28 19:19:48 [INFO] [AccountManager] [Acc:default_test_account]: [AccountManager] Loaded account from DB: default_test_account with status connected.
2025-07-28 19:19:48 [INFO] [AccountManager]: [AccountManager] Successfully loaded 1 accounts from DB.
2025-07-28 19:19:48 [INFO] [AccountManager]: [AccountManager] Starting all accounts...
2025-07-28 19:19:48 [INFO] [DBCleanup]: [DB Cleanup] Scheduled periodic DB cleanup every 168 hours.
2025-07-28 19:19:48 [INFO] [DBCleanup]: [DB Cleanup] Starting old records cleanup...
2025-07-28 19:19:48 [INFO] [HttpApi]: [HTTP API] API Server started on http://localhost:3000
2025-07-28 19:19:48 [INFO] [AccountRepository] [Acc:default_test_account]: [AccountRepository] Account default_test_account status updated to connecting.
2025-07-28 19:19:48 [INFO] [AccountManager] [Acc:default_test_account]: [AccountManager] Starting account default_test_account...
2025-07-28 19:19:48 [INFO] [WhatsAppClient] [Acc:default_test_account]: [WhatsAppClient-default_test_account] Initializing client...
2025-07-28 19:19:48 [INFO] [DBCleanup]: [DB Cleanup] Deleted 0 old records from message_map (older than 30 days).
2025-07-28 19:19:48 [INFO] [DBCleanup]: [DB Cleanup] Deleted 0 old records from whatsapp_groups (older than 90 days).
2025-07-28 19:19:48 [INFO] [DBCleanup]: [DB Cleanup] Cleanup finished.
2025-07-28 19:19:48 [INFO] [AppStartup]: [Startup] Application fully started and awaiting events.
2025-07-28 19:19:54 [INFO] [WhatsAppClient] [Acc:default_test_account]: [WhatsAppClient-default_test_account] Client is ready and connected!
2025-07-28 19:19:54 [INFO] [AccountRepository] [Acc:default_test_account]: [AccountRepository] Account default_test_account status updated to connected.
2025-07-28 19:19:59 [ERROR] [HttpApi]: [HTTP API] Unhandled error: logger.warn is not a function
2025-07-28 19:20:02 [ERROR] [HttpApi]: [HTTP API] Unhandled error: logger.warn is not a function
2025-07-28 19:21:59 [INFO] [AppShutdown]: [Shutdown] SIGINT signal received. Starting graceful shutdown...
2025-07-28 19:22:01 [INFO] [AppStartup]: [Config] Configuration validation successful.
2025-07-28 19:22:01 [INFO] [AppStartup] [PID:10508]: [Startup] Application starting. PID: 10508
2025-07-28 19:22:01 [INFO] [DatabaseManager]: [DB] DatabaseManager instance created.
2025-07-28 19:22:01 [INFO] [DatabaseManager]: [DB] Connected to database at ./data/whatsapp_automator.db
2025-07-28 19:22:01 [INFO] [DatabaseManager]: [DB] Table "accounts" checked/created successfully.
2025-07-28 19:22:01 [INFO] [DatabaseManager]: [DB] Table "message_map" checked/created successfully.
2025-07-28 19:22:01 [INFO] [DatabaseManager]: [DB] Table "whatsapp_groups" checked/created successfully.
2025-07-28 19:22:01 [INFO] [DatabaseManager]: [DB] Table "forwarding_rules" checked/created successfully.
2025-07-28 19:22:01 [INFO] [AppStartup]: [Startup] Database initialized successfully.
2025-07-28 19:22:01 [INFO] [AccountRepository]: [AccountRepository] Initialized.
2025-07-28 19:22:01 [INFO] [AccountManager]: [AccountManager] Initialized.
2025-07-28 19:22:01 [INFO] [AccountManager]: [AccountManager] Loading accounts from database...
2025-07-28 19:22:01 [INFO] [AccountRepository]: [AccountRepository] Initialized.
2025-07-28 19:22:01 [INFO] [WhatsAppClient] [Acc:default_test_account]: [WhatsAppClient-default_test_account] Instance created.
2025-07-28 19:22:01 [INFO] [AccountManager] [Acc:default_test_account]: [AccountManager] Loaded account from DB: default_test_account with status connected.
2025-07-28 19:22:01 [INFO] [AccountManager]: [AccountManager] Successfully loaded 1 accounts from DB.
2025-07-28 19:22:01 [INFO] [AccountManager]: [AccountManager] Starting all accounts...
2025-07-28 19:22:01 [INFO] [DBCleanup]: [DB Cleanup] Scheduled periodic DB cleanup every 168 hours.
2025-07-28 19:22:01 [INFO] [DBCleanup]: [DB Cleanup] Starting old records cleanup...
2025-07-28 19:22:01 [INFO] [HttpApi]: [HTTP API] API Server started on http://localhost:3000
2025-07-28 19:22:01 [INFO] [AccountRepository] [Acc:default_test_account]: [AccountRepository] Account default_test_account status updated to connecting.
2025-07-28 19:22:01 [INFO] [AccountManager] [Acc:default_test_account]: [AccountManager] Starting account default_test_account...
2025-07-28 19:22:01 [INFO] [WhatsAppClient] [Acc:default_test_account]: [WhatsAppClient-default_test_account] Initializing client...
2025-07-28 19:22:01 [INFO] [DBCleanup]: [DB Cleanup] Deleted 0 old records from message_map (older than 30 days).
2025-07-28 19:22:01 [INFO] [DBCleanup]: [DB Cleanup] Deleted 0 old records from whatsapp_groups (older than 90 days).
2025-07-28 19:22:01 [INFO] [DBCleanup]: [DB Cleanup] Cleanup finished.
2025-07-28 19:22:01 [INFO] [AppStartup]: [Startup] Application fully started and awaiting events.
2025-07-28 19:22:07 [INFO] [WhatsAppClient] [Acc:default_test_account]: [WhatsAppClient-default_test_account] Client is ready and connected!
2025-07-28 19:22:07 [INFO] [AccountRepository] [Acc:default_test_account]: [AccountRepository] Account default_test_account status updated to connected.
2025-07-28 19:22:27 [WARN] [AuthMiddleware]: [HTTP API] Unauthorized API access attempt.
2025-07-28 19:22:45 [WARN] [AuthMiddleware]: [HTTP API] Unauthorized API access attempt.
2025-07-28 19:22:48 [WARN] [AuthMiddleware]: [HTTP API] Unauthorized API access attempt.
2025-07-28 19:28:18 [INFO] [WhatsAppClient] [Acc:default_test_account] [Msg:false_120363420269686724@g.us_3B0548AEE98B915A49E1BCE772B07BB3_254528553230463@lid]: [WhatsAppClient-default_test_account] New message received from 120363420269686724@g.us. Type: document.
2025-07-28 19:28:18 [INFO] [WhatsAppClient] [Acc:default_test_account] [Msg:false_120363420269686724@g.us_57F3AA00B17A5E0F84DB2D56905641C4_254528553230463@lid]: [WhatsAppClient-default_test_account] New message received from 120363420269686724@g.us. Type: document.
2025-07-28 19:28:18 [INFO] [WhatsAppClient] [Acc:default_test_account] [Msg:false_120363420269686724@g.us_CE9A5C66415B554D030297CA7CD5DB53_254528553230463@lid]: [WhatsAppClient-default_test_account] New message received from 120363420269686724@g.us. Type: document.
2025-07-28 19:28:18 [INFO] [WhatsAppClient] [Acc:default_test_account] [Msg:false_120363420269686724@g.us_81E6D1B903E7B913224C05E6A066A3BC_254528553230463@lid]: [WhatsAppClient-default_test_account] New message received from 120363420269686724@g.us. Type: document.
2025-07-28 19:32:10 [WARN] [AuthMiddleware]: [HTTP API] Unauthorized API access attempt.
2025-07-28 19:32:21 [WARN] [AuthMiddleware]: [HTTP API] Unauthorized API access attempt.
2025-07-28 19:32:55 [WARN] [AuthMiddleware]: [HTTP API] Unauthorized API access attempt.
2025-07-28 19:32:57 [WARN] [AuthMiddleware]: [HTTP API] Unauthorized API access attempt.
2025-07-28 19:35:26 [INFO] [HttpApi_SystemController]: [HTTP API] Status request received.
2025-07-28 19:35:35 [WARN] [AuthMiddleware]: [HTTP API] Unauthorized API access attempt.
2025-07-28 19:36:14 [INFO] [AppShutdown]: [Shutdown] SIGINT signal received. Starting graceful shutdown...
2025-07-28 19:36:18 [INFO] [AppStartup]: [Config] Configuration validation successful.
2025-07-28 19:36:18 [INFO] [AppStartup] [PID:26784]: [Startup] Application starting. PID: 26784
2025-07-28 19:36:18 [INFO] [DatabaseManager]: [DB] DatabaseManager instance created.
2025-07-28 19:36:18 [INFO] [DatabaseManager]: [DB] Connected to database at ./data/whatsapp_automator.db
2025-07-28 19:36:18 [INFO] [DatabaseManager]: [DB] Table "accounts" checked/created successfully.
2025-07-28 19:36:18 [INFO] [DatabaseManager]: [DB] Table "message_map" checked/created successfully.
2025-07-28 19:36:18 [INFO] [DatabaseManager]: [DB] Table "whatsapp_groups" checked/created successfully.
2025-07-28 19:36:18 [INFO] [DatabaseManager]: [DB] Table "forwarding_rules" checked/created successfully.
2025-07-28 19:36:18 [INFO] [AppStartup]: [Startup] Database initialized successfully.
2025-07-28 19:36:18 [INFO] [AccountRepository]: [AccountRepository] Initialized.
2025-07-28 19:36:18 [INFO] [AccountManager]: [AccountManager] Initialized.
2025-07-28 19:36:18 [INFO] [AccountManager]: [AccountManager] Loading accounts from database...
2025-07-28 19:36:18 [INFO] [AccountRepository]: [AccountRepository] Initialized.
2025-07-28 19:36:18 [INFO] [WhatsAppClient] [Acc:default_test_account]: [WhatsAppClient-default_test_account] Instance created.
2025-07-28 19:36:18 [INFO] [AccountManager] [Acc:default_test_account]: [AccountManager] Loaded account from DB: default_test_account with status connected.
2025-07-28 19:36:18 [INFO] [AccountManager]: [AccountManager] Successfully loaded 1 accounts from DB.
2025-07-28 19:36:18 [INFO] [AccountManager]: [AccountManager] Starting all accounts...
2025-07-28 19:36:18 [INFO] [DBCleanup]: [DB Cleanup] Scheduled periodic DB cleanup every 168 hours.
2025-07-28 19:36:18 [INFO] [DBCleanup]: [DB Cleanup] Starting old records cleanup...
2025-07-28 19:36:18 [INFO] [HttpApi]: [HTTP API] API Server started on http://localhost:3000
2025-07-28 19:36:18 [INFO] [AccountRepository] [Acc:default_test_account]: [AccountRepository] Account default_test_account status updated to connecting.
2025-07-28 19:36:18 [INFO] [AccountManager] [Acc:default_test_account]: [AccountManager] Starting account default_test_account...
2025-07-28 19:36:18 [INFO] [WhatsAppClient] [Acc:default_test_account]: [WhatsAppClient-default_test_account] Initializing client...
2025-07-28 19:36:18 [INFO] [DBCleanup]: [DB Cleanup] Deleted 0 old records from message_map (older than 30 days).
2025-07-28 19:36:18 [INFO] [DBCleanup]: [DB Cleanup] Deleted 0 old records from whatsapp_groups (older than 90 days).
2025-07-28 19:36:18 [INFO] [DBCleanup]: [DB Cleanup] Cleanup finished.
2025-07-28 19:36:18 [INFO] [AppStartup]: [Startup] Application fully started and awaiting events.
2025-07-28 19:36:24 [INFO] [WhatsAppClient] [Acc:default_test_account]: [WhatsAppClient-default_test_account] Client is ready and connected!
2025-07-28 19:36:24 [INFO] [AccountRepository] [Acc:default_test_account]: [AccountRepository] Account default_test_account status updated to connected.
2025-07-28 19:38:33 [INFO] [AppShutdown]: [Shutdown] SIGINT signal received. Starting graceful shutdown...
2025-07-28 19:42:41 [INFO] [AppStartup]: [Config] Configuration validation successful.
2025-07-28 19:42:41 [INFO] [AppStartup] [PID:29684]: [Startup] Application starting. PID: 29684
2025-07-28 19:42:41 [INFO] [DatabaseManager]: [DB] DatabaseManager instance created.
2025-07-28 19:42:41 [INFO] [DatabaseManager]: [DB] Connected to database at ./data/whatsapp_automator.db
2025-07-28 19:42:41 [INFO] [DatabaseManager]: [DB] Table "accounts" checked/created successfully.
2025-07-28 19:42:41 [INFO] [DatabaseManager]: [DB] Table "message_map" checked/created successfully.
2025-07-28 19:42:41 [INFO] [DatabaseManager]: [DB] Table "whatsapp_groups" checked/created successfully.
2025-07-28 19:42:41 [INFO] [DatabaseManager]: [DB] Table "forwarding_rules" checked/created successfully.
2025-07-28 19:42:41 [INFO] [AppStartup]: [Startup] Database initialized successfully.
2025-07-28 19:42:41 [INFO] [AccountRepository]: [AccountRepository] Initialized.
2025-07-28 19:42:41 [INFO] [AccountManager]: [AccountManager] Initialized.
2025-07-28 19:42:41 [INFO] [AccountManager]: [AccountManager] Loading accounts from database...
2025-07-28 19:42:41 [INFO] [AccountRepository]: [AccountRepository] Initialized.
2025-07-28 19:42:41 [INFO] [WhatsAppClient] [Acc:default_test_account]: [WhatsAppClient-default_test_account] Instance created.
2025-07-28 19:42:41 [INFO] [AccountManager] [Acc:default_test_account]: [AccountManager] Loaded account from DB: default_test_account with status connected.
2025-07-28 19:42:41 [INFO] [AccountManager]: [AccountManager] Successfully loaded 1 accounts from DB.
2025-07-28 19:42:41 [INFO] [AccountManager]: [AccountManager] Starting all accounts...
2025-07-28 19:42:41 [INFO] [DBCleanup]: [DB Cleanup] Scheduled periodic DB cleanup every 168 hours.
2025-07-28 19:42:41 [INFO] [DBCleanup]: [DB Cleanup] Starting old records cleanup...
2025-07-28 19:42:41 [INFO] [HttpApi]: [HTTP API] API Server started on http://localhost:3000
2025-07-28 19:42:41 [INFO] [AccountRepository] [Acc:default_test_account]: [AccountRepository] Account default_test_account status updated to connecting.
2025-07-28 19:42:41 [INFO] [AccountManager] [Acc:default_test_account]: [AccountManager] Starting account default_test_account...
2025-07-28 19:42:41 [INFO] [WhatsAppClient] [Acc:default_test_account]: [WhatsAppClient-default_test_account] Initializing client...
2025-07-28 19:42:41 [INFO] [DBCleanup]: [DB Cleanup] Deleted 0 old records from message_map (older than 30 days).
2025-07-28 19:42:41 [INFO] [DBCleanup]: [DB Cleanup] Deleted 0 old records from whatsapp_groups (older than 90 days).
2025-07-28 19:42:41 [INFO] [DBCleanup]: [DB Cleanup] Cleanup finished.
2025-07-28 19:42:41 [INFO] [AppStartup]: [Startup] Application fully started and awaiting events.
2025-07-28 19:42:46 [INFO] [WhatsAppClient] [Acc:default_test_account]: [WhatsAppClient-default_test_account] Client is ready and connected!
2025-07-28 19:42:47 [INFO] [AccountRepository] [Acc:default_test_account]: [AccountRepository] Account default_test_account status updated to connected.
2025-07-28 19:43:01 [WARN] [AuthMiddleware]: [HTTP API] Unauthorized API access attempt.
2025-07-28 19:43:08 [INFO] [HttpApi_SystemController]: [HTTP API] Status request received.
2025-07-28 19:43:11 [INFO] [HttpApi_SystemController]: [HTTP API] Status request received.
2025-07-28 19:43:12 [INFO] [HttpApi_SystemController]: [HTTP API] Status request received.
2025-07-28 19:43:29 [INFO] [AppShutdown]: [Shutdown] SIGINT signal received. Starting graceful shutdown...
2025-07-28 19:43:44 [INFO] [AppStartup]: [Config] Configuration validation successful.
2025-07-28 19:43:44 [INFO] [AppStartup] [PID:26576]: [Startup] Application starting. PID: 26576
2025-07-28 19:43:44 [INFO] [DatabaseManager]: [DB] DatabaseManager instance created.
2025-07-28 19:43:44 [INFO] [DatabaseManager]: [DB] Connected to database at ./data/whatsapp_automator.db
2025-07-28 19:43:44 [INFO] [DatabaseManager]: [DB] Table "accounts" checked/created successfully.
2025-07-28 19:43:44 [INFO] [DatabaseManager]: [DB] Table "message_map" checked/created successfully.
2025-07-28 19:43:44 [INFO] [DatabaseManager]: [DB] Table "whatsapp_groups" checked/created successfully.
2025-07-28 19:43:44 [INFO] [DatabaseManager]: [DB] Table "forwarding_rules" checked/created successfully.
2025-07-28 19:43:44 [INFO] [AppStartup]: [Startup] Database initialized successfully.
2025-07-28 19:43:44 [INFO] [AccountRepository]: [AccountRepository] Initialized.
2025-07-28 19:43:44 [INFO] [AccountManager]: [AccountManager] Initialized.
2025-07-28 19:43:44 [INFO] [AccountManager]: [AccountManager] Loading accounts from database...
2025-07-28 19:43:44 [INFO] [AccountRepository]: [AccountRepository] Initialized.
2025-07-28 19:43:44 [INFO] [WhatsAppClient] [Acc:default_test_account]: [WhatsAppClient-default_test_account] Instance created.
2025-07-28 19:43:44 [INFO] [AccountManager] [Acc:default_test_account]: [AccountManager] Loaded account from DB: default_test_account with status connected.
2025-07-28 19:43:44 [INFO] [AccountManager]: [AccountManager] Successfully loaded 1 accounts from DB.
2025-07-28 19:43:44 [INFO] [AccountManager]: [AccountManager] Starting all accounts...
2025-07-28 19:43:44 [INFO] [DBCleanup]: [DB Cleanup] Scheduled periodic DB cleanup every 168 hours.
2025-07-28 19:43:44 [INFO] [DBCleanup]: [DB Cleanup] Starting old records cleanup...
2025-07-28 19:43:44 [INFO] [HttpApi]: [HTTP API] API Server started on http://localhost:3000
2025-07-28 19:43:44 [INFO] [AccountRepository] [Acc:default_test_account]: [AccountRepository] Account default_test_account status updated to connecting.
2025-07-28 19:43:44 [INFO] [AccountManager] [Acc:default_test_account]: [AccountManager] Starting account default_test_account...
2025-07-28 19:43:44 [INFO] [WhatsAppClient] [Acc:default_test_account]: [WhatsAppClient-default_test_account] Initializing client...
2025-07-28 19:43:44 [INFO] [DBCleanup]: [DB Cleanup] Deleted 0 old records from message_map (older than 30 days).
2025-07-28 19:43:44 [INFO] [DBCleanup]: [DB Cleanup] Deleted 0 old records from whatsapp_groups (older than 90 days).
2025-07-28 19:43:44 [INFO] [DBCleanup]: [DB Cleanup] Cleanup finished.
2025-07-28 19:43:44 [INFO] [AppStartup]: [Startup] Application fully started and awaiting events.
2025-07-28 19:43:50 [INFO] [WhatsAppClient] [Acc:default_test_account]: [WhatsAppClient-default_test_account] Client is ready and connected!
2025-07-28 19:43:50 [INFO] [AccountRepository] [Acc:default_test_account]: [AccountRepository] Account default_test_account status updated to connected.
2025-07-28 19:46:22 [INFO] [AppShutdown]: [Shutdown] SIGINT signal received. Starting graceful shutdown...
2025-07-28 19:50:13 [INFO] [AppStartup]: [Config] Configuration validation successful.
2025-07-28 19:50:13 [INFO] [AppStartup] [PID:5528]: [Startup] Application starting. PID: 5528
2025-07-28 19:50:13 [INFO] [DatabaseManager]: [DB] DatabaseManager instance created.
2025-07-28 19:50:13 [INFO] [DatabaseManager]: [DB] Connected to database at ./data/whatsapp_automator.db
2025-07-28 19:50:13 [INFO] [DatabaseManager]: [DB] Table "accounts" checked/created successfully.
2025-07-28 19:50:13 [INFO] [DatabaseManager]: [DB] Table "message_map" checked/created successfully.
2025-07-28 19:50:13 [INFO] [DatabaseManager]: [DB] Table "whatsapp_groups" checked/created successfully.
2025-07-28 19:50:13 [INFO] [DatabaseManager]: [DB] Table "forwarding_rules" checked/created successfully.
2025-07-28 19:50:13 [INFO] [AppStartup]: [Startup] Database initialized successfully.
2025-07-28 19:50:13 [INFO] [AccountRepository]: [AccountRepository] Initialized.
2025-07-28 19:50:13 [INFO] [AccountManager]: [AccountManager] Initialized.
2025-07-28 19:50:13 [INFO] [AccountManager]: [AccountManager] Loading accounts from database...
2025-07-28 19:50:13 [INFO] [AccountRepository]: [AccountRepository] Initialized.
2025-07-28 19:50:13 [INFO] [WhatsAppClient] [Acc:default_test_account]: [WhatsAppClient-default_test_account] Instance created.
2025-07-28 19:50:13 [INFO] [AccountManager] [Acc:default_test_account]: [AccountManager] Loaded account from DB: default_test_account with status connected.
2025-07-28 19:50:13 [INFO] [AccountManager]: [AccountManager] Successfully loaded 1 accounts from DB.
2025-07-28 19:50:13 [INFO] [AccountManager]: [AccountManager] Starting all accounts...
2025-07-28 19:50:13 [INFO] [DBCleanup]: [DB Cleanup] Scheduled periodic DB cleanup every 168 hours.
2025-07-28 19:50:13 [INFO] [DBCleanup]: [DB Cleanup] Starting old records cleanup...
2025-07-28 19:50:13 [INFO] [HttpApi]: [HTTP API] API Server started on http://localhost:3000
2025-07-28 19:50:13 [INFO] [AccountRepository] [Acc:default_test_account]: [AccountRepository] Account default_test_account status updated to connecting.
2025-07-28 19:50:13 [INFO] [AccountManager] [Acc:default_test_account]: [AccountManager] Starting account default_test_account...
2025-07-28 19:50:13 [INFO] [WhatsAppClient] [Acc:default_test_account]: [WhatsAppClient-default_test_account] Initializing client...
2025-07-28 19:50:13 [INFO] [DBCleanup]: [DB Cleanup] Deleted 0 old records from message_map (older than 30 days).
2025-07-28 19:50:13 [INFO] [DBCleanup]: [DB Cleanup] Deleted 0 old records from whatsapp_groups (older than 90 days).
2025-07-28 19:50:13 [INFO] [DBCleanup]: [DB Cleanup] Cleanup finished.
2025-07-28 19:50:13 [INFO] [AppStartup]: [Startup] Application fully started and awaiting events.
2025-07-28 19:50:19 [INFO] [WhatsAppClient] [Acc:default_test_account]: [WhatsAppClient-default_test_account] Client is ready and connected!
2025-07-28 19:50:19 [INFO] [AccountRepository] [Acc:default_test_account]: [AccountRepository] Account default_test_account status updated to connected.
2025-07-28 19:50:49 [INFO] [HttpApi_SystemController]: [HTTP API] Status request received.
2025-07-28 19:51:02 [INFO] [AccountController]: [API] Request to get all accounts.
2025-07-28 19:51:19 [INFO] [ForwardingRuleRepository]: [ForwardingRuleRepository] Initialized.
2025-07-28 19:51:19 [INFO] [RuleController] [Acc::accountId]: [API] Request to get rules for account: :accountId.
2025-07-28 19:51:41 [INFO] [ForwardingRuleRepository]: [ForwardingRuleRepository] Initialized.
2025-07-28 19:52:52 [INFO] [AppShutdown]: [Shutdown] SIGINT signal received. Starting graceful shutdown...
2025-07-28 21:32:03 [INFO] [AppStartup]: [Config] Configuration validation successful.
2025-07-28 21:32:03 [INFO] [AppStartup] [PID:26188]: [Startup] Application starting. PID: 26188
2025-07-28 21:32:03 [INFO] [DatabaseManager]: [DB] DatabaseManager instance created.
2025-07-28 21:32:03 [INFO] [DatabaseManager]: [DB] Connected to database at ./data/whatsapp_automator.db
2025-07-28 21:32:03 [INFO] [DatabaseManager]: [DB] Table "accounts" checked/created successfully.
2025-07-28 21:32:03 [INFO] [DatabaseManager]: [DB] Table "message_map" checked/created successfully.
2025-07-28 21:32:03 [INFO] [DatabaseManager]: [DB] Table "whatsapp_groups" checked/created successfully.
2025-07-28 21:32:03 [INFO] [DatabaseManager]: [DB] Table "forwarding_rules" checked/created successfully.
2025-07-28 21:32:03 [INFO] [AppStartup]: [Startup] Database initialized successfully.
2025-07-28 21:32:03 [INFO] [AccountRepository]: [AccountRepository] Initialized.
2025-07-28 21:32:03 [INFO] [AccountManager]: [AccountManager] Initialized.
2025-07-28 21:32:03 [INFO] [AccountManager]: [AccountManager] Loading accounts from database...
2025-07-28 21:32:03 [INFO] [AccountRepository]: [AccountRepository] Initialized.
2025-07-28 21:32:03 [INFO] [WhatsAppClient] [Acc:default_test_account]: [WhatsAppClient-default_test_account] Instance created.
2025-07-28 21:32:03 [INFO] [AccountManager] [Acc:default_test_account]: [AccountManager] Loaded account from DB: default_test_account with status connected.
2025-07-28 21:32:03 [INFO] [AccountManager]: [AccountManager] Successfully loaded 1 accounts from DB.
2025-07-28 21:32:03 [INFO] [AccountManager]: [AccountManager] Starting all accounts...
2025-07-28 21:32:03 [INFO] [DBCleanup]: [DB Cleanup] Scheduled periodic DB cleanup every 168 hours.
2025-07-28 21:32:03 [INFO] [DBCleanup]: [DB Cleanup] Starting old records cleanup...
2025-07-28 21:32:03 [INFO] [HttpApi]: [HTTP API] API Server started on http://localhost:3000
2025-07-28 21:32:03 [INFO] [AccountRepository] [Acc:default_test_account]: [AccountRepository] Account default_test_account status updated to connecting.
2025-07-28 21:32:03 [INFO] [AccountManager] [Acc:default_test_account]: [AccountManager] Starting account default_test_account...
2025-07-28 21:32:03 [INFO] [WhatsAppClient] [Acc:default_test_account]: [WhatsAppClient-default_test_account] Initializing client...
2025-07-28 21:32:03 [INFO] [DBCleanup]: [DB Cleanup] Deleted 0 old records from message_map (older than 30 days).
2025-07-28 21:32:03 [INFO] [DBCleanup]: [DB Cleanup] Deleted 0 old records from whatsapp_groups (older than 90 days).
2025-07-28 21:32:03 [INFO] [DBCleanup]: [DB Cleanup] Cleanup finished.
2025-07-28 21:32:03 [INFO] [AppStartup]: [Startup] Application fully started and awaiting events.
2025-07-28 21:32:08 [INFO] [WhatsAppClient] [Acc:default_test_account]: [WhatsAppClient-default_test_account] Client is ready and connected!
2025-07-28 21:32:08 [INFO] [WhatsAppClient] [Acc:default_test_account] [Msg:false_120363418724317936@g.us_3EB0710EA4108DA83C30BD_41004405096502@lid]: [WhatsAppClient-default_test_account] New message received from 120363418724317936@g.us. Type: image.
2025-07-28 21:32:09 [INFO] [WhatsAppClient] [Acc:default_test_account] [Msg:false_120363077548621628@g.us_3EB06084B81C8C2C581301_41004405096502@lid]: [WhatsAppClient-default_test_account] New message received from 120363077548621628@g.us. Type: chat.
2025-07-28 21:32:09 [INFO] [WhatsAppClient] [Acc:default_test_account] [Msg:false_120363077548621628@g.us_3EB080A811649A9E614921_41004405096502@lid]: [WhatsAppClient-default_test_account] New message received from 120363077548621628@g.us. Type: image.
2025-07-28 21:32:09 [INFO] [WhatsAppClient] [Acc:default_test_account] [Msg:false_380502201623@c.us_3EB05992891F27D24D442F]: [WhatsAppClient-default_test_account] New message received from 380502201623@c.us. Type: chat.
2025-07-28 21:32:09 [INFO] [WhatsAppClient] [Acc:default_test_account] [Msg:false_380502201623@c.us_3EB0C264787438EDFEC24F]: [WhatsAppClient-default_test_account] New message received from 380502201623@c.us. Type: image.
2025-07-28 21:32:09 [INFO] [WhatsAppClient] [Acc:default_test_account] [Msg:false_120363026966613453@g.us_3F5E2AB48F9A9CFE3918_69866316939433@lid]: [WhatsAppClient-default_test_account] New message received from 120363026966613453@g.us. Type: document.
2025-07-28 21:32:09 [INFO] [WhatsAppClient] [Acc:default_test_account] [Msg:false_120363077548621628@g.us_3EB06C5B8990CFF3040F4B_41004405096502@lid]: [WhatsAppClient-default_test_account] New message received from 120363077548621628@g.us. Type: chat.
2025-07-28 21:32:09 [INFO] [WhatsAppClient] [Acc:default_test_account] [Msg:false_380502201623@c.us_3EB0172502E03A4F9E2618]: [WhatsAppClient-default_test_account] New message received from 380502201623@c.us. Type: chat.
2025-07-28 21:32:09 [INFO] [WhatsAppClient] [Acc:default_test_account] [Msg:false_380502201623@c.us_3EB0432119158FE6A49E7D]: [WhatsAppClient-default_test_account] New message received from 380502201623@c.us. Type: image.
2025-07-28 21:32:09 [INFO] [AccountRepository] [Acc:default_test_account]: [AccountRepository] Account default_test_account status updated to connected.
2025-07-28 21:32:09 [ERROR] [HttpApi]: [HTTP API] Unhandled error: Unexpected non-whitespace character after JSON at position 188 (line 7 column 2)
2025-07-28 21:32:09 [INFO] [WhatsAppClient] [Acc:default_test_account] [Msg:false_120363026966613453@g.us_3F49A91C55748570EB5E_214825774932113@lid]: [WhatsAppClient-default_test_account] New message received from 120363026966613453@g.us. Type: document.
2025-07-28 21:32:10 [INFO] [WhatsAppClient] [Acc:default_test_account] [Msg:false_120363026966613453@g.us_5E3983D1BFE24C8DBC64_36309838127352@lid]: [WhatsAppClient-default_test_account] New message received from 120363026966613453@g.us. Type: document.
2025-07-28 21:32:10 [INFO] [WhatsAppClient] [Acc:default_test_account] [Msg:false_120363420559031123@g.us_3EB062FD53C74971EE1E11_93501622636726@lid]: [WhatsAppClient-default_test_account] New message received from 120363420559031123@g.us. Type: chat.
2025-07-28 21:32:10 [INFO] [WhatsAppClient] [Acc:default_test_account] [Msg:false_120363026966613453@g.us_5EB0A7599F06CE042B46_164634921332765@lid]: [WhatsAppClient-default_test_account] New message received from 120363026966613453@g.us. Type: document.
2025-07-28 21:32:13 [ERROR] [HttpApi]: [HTTP API] Unhandled error: Unexpected non-whitespace character after JSON at position 188 (line 7 column 2)
2025-07-28 21:33:33 [INFO] [ForwardingRuleRepository]: [ForwardingRuleRepository] Initialized.
2025-07-28 21:33:33 [INFO] [RuleController] [Acc:default_test_account]: [API] Request to add new rule for account default_test_account: from 120363402392285397@g.us to 120363403357960372@g.us.
2025-07-28 21:33:33 [INFO] [ForwardingRuleRepository] [Acc:default_test_account]: [ForwardingRuleRepository] Rule added: ID 1 from 120363402392285397@g.us to 120363403357960372@g.us.
2025-07-28 21:34:31 [INFO] [ForwardingRuleRepository]: [ForwardingRuleRepository] Initialized.
2025-07-28 21:34:31 [INFO] [RuleController] [Acc:default_test_account]: [API] Request to get rules for account: default_test_account.
2025-07-28 21:35:47 [INFO] [AppStartup]: [Config] Configuration validation successful.
2025-07-28 21:35:47 [INFO] [AppStartup] [PID:30400]: [Startup] Application starting. PID: 30400
2025-07-28 21:35:47 [INFO] [DatabaseManager]: [DB] DatabaseManager instance created.
2025-07-28 21:35:47 [INFO] [DatabaseManager]: [DB] Connected to database at ./data/whatsapp_automator.db
2025-07-28 21:35:47 [INFO] [DatabaseManager]: [DB] Table "accounts" checked/created successfully.
2025-07-28 21:35:47 [INFO] [DatabaseManager]: [DB] Table "message_map" checked/created successfully.
2025-07-28 21:35:47 [INFO] [DatabaseManager]: [DB] Table "whatsapp_groups" checked/created successfully.
2025-07-28 21:35:47 [INFO] [DatabaseManager]: [DB] Table "forwarding_rules" checked/created successfully.
2025-07-28 21:35:47 [INFO] [AppStartup]: [Startup] Database initialized successfully.
2025-07-28 21:35:47 [INFO] [AccountRepository]: [AccountRepository] Initialized.
2025-07-28 21:35:47 [INFO] [AccountManager]: [AccountManager] Initialized.
2025-07-28 21:35:47 [INFO] [AccountManager]: [AccountManager] Loading accounts from database...
2025-07-28 21:35:47 [INFO] [AccountRepository]: [AccountRepository] Initialized.
2025-07-28 21:35:47 [INFO] [WhatsAppClient] [Acc:default_test_account]: [WhatsAppClient-default_test_account] Instance created.
2025-07-28 21:35:47 [INFO] [AccountManager] [Acc:default_test_account]: [AccountManager] Loaded account from DB: default_test_account with status connected.
2025-07-28 21:35:47 [INFO] [AccountManager]: [AccountManager] Successfully loaded 1 accounts from DB.
2025-07-28 21:35:47 [INFO] [AccountManager]: [AccountManager] Starting all accounts...
2025-07-28 21:35:47 [INFO] [DBCleanup]: [DB Cleanup] Scheduled periodic DB cleanup every 168 hours.
2025-07-28 21:35:47 [INFO] [DBCleanup]: [DB Cleanup] Starting old records cleanup...
2025-07-28 21:35:47 [INFO] [HttpApi]: [HTTP API] API Server started on http://localhost:3000
2025-07-28 21:35:47 [INFO] [AccountRepository] [Acc:default_test_account]: [AccountRepository] Account default_test_account status updated to connecting.
2025-07-28 21:35:47 [INFO] [AccountManager] [Acc:default_test_account]: [AccountManager] Starting account default_test_account...
2025-07-28 21:35:47 [INFO] [WhatsAppClient] [Acc:default_test_account]: [WhatsAppClient-default_test_account] Initializing client...
2025-07-28 21:35:47 [INFO] [DBCleanup]: [DB Cleanup] Deleted 0 old records from message_map (older than 30 days).
2025-07-28 21:35:47 [INFO] [DBCleanup]: [DB Cleanup] Deleted 0 old records from whatsapp_groups (older than 90 days).
2025-07-28 21:35:47 [INFO] [DBCleanup]: [DB Cleanup] Cleanup finished.
2025-07-28 21:35:47 [INFO] [AppStartup]: [Startup] Application fully started and awaiting events.
2025-07-28 21:35:53 [INFO] [WhatsAppClient] [Acc:default_test_account]: [WhatsAppClient-default_test_account] Client is ready and connected!
2025-07-28 21:35:53 [INFO] [AccountRepository] [Acc:default_test_account]: [AccountRepository] Account default_test_account status updated to connected.
2025-07-28 21:36:43 [INFO] [AppStartup]: [Config] Configuration validation successful.
2025-07-28 21:36:43 [INFO] [AppStartup] [PID:2692]: [Startup] Application starting. PID: 2692
2025-07-28 21:36:43 [INFO] [DatabaseManager]: [DB] DatabaseManager instance created.
2025-07-28 21:36:43 [INFO] [DatabaseManager]: [DB] Connected to database at ./data/whatsapp_automator.db
2025-07-28 21:36:43 [INFO] [DatabaseManager]: [DB] Table "accounts" checked/created successfully.
2025-07-28 21:36:43 [INFO] [DatabaseManager]: [DB] Table "message_map" checked/created successfully.
2025-07-28 21:36:43 [INFO] [DatabaseManager]: [DB] Table "whatsapp_groups" checked/created successfully.
2025-07-28 21:36:43 [INFO] [DatabaseManager]: [DB] Table "forwarding_rules" checked/created successfully.
2025-07-28 21:36:43 [INFO] [AppStartup]: [Startup] Database initialized successfully.
2025-07-28 21:36:43 [INFO] [AccountRepository]: [AccountRepository] Initialized.
2025-07-28 21:36:43 [INFO] [AccountManager]: [AccountManager] Initialized.
2025-07-28 21:36:43 [INFO] [AccountManager]: [AccountManager] Loading accounts from database...
2025-07-28 21:36:43 [INFO] [AccountRepository]: [AccountRepository] Initialized.
2025-07-28 21:36:43 [INFO] [WhatsAppClient] [Acc:default_test_account]: [WhatsAppClient-default_test_account] Instance created.
2025-07-28 21:36:43 [INFO] [AccountManager] [Acc:default_test_account]: [AccountManager] Loaded account from DB: default_test_account with status connected.
2025-07-28 21:36:43 [INFO] [AccountManager]: [AccountManager] Successfully loaded 1 accounts from DB.
2025-07-28 21:36:43 [INFO] [AccountManager]: [AccountManager] Starting all accounts...
2025-07-28 21:36:43 [INFO] [DBCleanup]: [DB Cleanup] Scheduled periodic DB cleanup every 168 hours.
2025-07-28 21:36:43 [INFO] [DBCleanup]: [DB Cleanup] Starting old records cleanup...
2025-07-28 21:36:43 [INFO] [HttpApi]: [HTTP API] API Server started on http://localhost:3000
2025-07-28 21:36:43 [INFO] [AccountRepository] [Acc:default_test_account]: [AccountRepository] Account default_test_account status updated to connecting.
2025-07-28 21:36:43 [INFO] [AccountManager] [Acc:default_test_account]: [AccountManager] Starting account default_test_account...
2025-07-28 21:36:43 [INFO] [WhatsAppClient] [Acc:default_test_account]: [WhatsAppClient-default_test_account] Initializing client...
2025-07-28 21:36:43 [INFO] [DBCleanup]: [DB Cleanup] Deleted 0 old records from message_map (older than 30 days).
2025-07-28 21:36:43 [INFO] [DBCleanup]: [DB Cleanup] Deleted 0 old records from whatsapp_groups (older than 90 days).
2025-07-28 21:36:43 [INFO] [DBCleanup]: [DB Cleanup] Cleanup finished.
2025-07-28 21:36:43 [INFO] [AppStartup]: [Startup] Application fully started and awaiting events.
2025-07-28 21:36:49 [INFO] [WhatsAppClient] [Acc:default_test_account]: [WhatsAppClient-default_test_account] Client is ready and connected!
2025-07-28 21:36:49 [INFO] [AccountRepository] [Acc:default_test_account]: [AccountRepository] Account default_test_account status updated to connected.
2025-07-28 21:37:18 [INFO] [AppStartup]: [Config] Configuration validation successful.
2025-07-28 21:37:18 [INFO] [AppStartup] [PID:29868]: [Startup] Application starting. PID: 29868
2025-07-28 21:37:18 [INFO] [DatabaseManager]: [DB] DatabaseManager instance created.
2025-07-28 21:37:18 [INFO] [DatabaseManager]: [DB] Connected to database at ./data/whatsapp_automator.db
2025-07-28 21:37:18 [INFO] [DatabaseManager]: [DB] Table "accounts" checked/created successfully.
2025-07-28 21:37:18 [INFO] [DatabaseManager]: [DB] Table "message_map" checked/created successfully.
2025-07-28 21:37:18 [INFO] [DatabaseManager]: [DB] Table "whatsapp_groups" checked/created successfully.
2025-07-28 21:37:18 [INFO] [DatabaseManager]: [DB] Table "forwarding_rules" checked/created successfully.
2025-07-28 21:37:18 [INFO] [AppStartup]: [Startup] Database initialized successfully.
2025-07-28 21:37:18 [INFO] [AccountRepository]: [AccountRepository] Initialized.
2025-07-28 21:37:18 [INFO] [AccountManager]: [AccountManager] Initialized.
2025-07-28 21:37:18 [INFO] [AccountManager]: [AccountManager] Loading accounts from database...
2025-07-28 21:37:18 [INFO] [AccountRepository]: [AccountRepository] Initialized.
2025-07-28 21:37:18 [INFO] [WhatsAppClient] [Acc:default_test_account]: [WhatsAppClient-default_test_account] Instance created.
2025-07-28 21:37:18 [INFO] [AccountManager] [Acc:default_test_account]: [AccountManager] Loaded account from DB: default_test_account with status connected.
2025-07-28 21:37:18 [INFO] [AccountManager]: [AccountManager] Successfully loaded 1 accounts from DB.
2025-07-28 21:37:18 [INFO] [AccountManager]: [AccountManager] Starting all accounts...
2025-07-28 21:37:18 [INFO] [DBCleanup]: [DB Cleanup] Scheduled periodic DB cleanup every 168 hours.
2025-07-28 21:37:18 [INFO] [DBCleanup]: [DB Cleanup] Starting old records cleanup...
2025-07-28 21:37:18 [INFO] [HttpApi]: [HTTP API] API Server started on http://localhost:3000
2025-07-28 21:37:18 [INFO] [AccountRepository] [Acc:default_test_account]: [AccountRepository] Account default_test_account status updated to connecting.
2025-07-28 21:37:18 [INFO] [AccountManager] [Acc:default_test_account]: [AccountManager] Starting account default_test_account...
2025-07-28 21:37:18 [INFO] [WhatsAppClient] [Acc:default_test_account]: [WhatsAppClient-default_test_account] Initializing client...
2025-07-28 21:37:18 [INFO] [DBCleanup]: [DB Cleanup] Deleted 0 old records from message_map (older than 30 days).
2025-07-28 21:37:18 [INFO] [DBCleanup]: [DB Cleanup] Deleted 0 old records from whatsapp_groups (older than 90 days).
2025-07-28 21:37:18 [INFO] [DBCleanup]: [DB Cleanup] Cleanup finished.
2025-07-28 21:37:18 [INFO] [AppStartup]: [Startup] Application fully started and awaiting events.
2025-07-28 21:37:24 [INFO] [WhatsAppClient] [Acc:default_test_account]: [WhatsAppClient-default_test_account] Client is ready and connected!
2025-07-28 21:37:24 [INFO] [AccountRepository] [Acc:default_test_account]: [AccountRepository] Account default_test_account status updated to connected.
2025-07-28 21:38:06 [INFO] [AppStartup]: [Config] Configuration validation successful.
2025-07-28 21:38:06 [INFO] [AppStartup] [PID:28140]: [Startup] Application starting. PID: 28140
2025-07-28 21:38:06 [INFO] [DatabaseManager]: [DB] DatabaseManager instance created.
2025-07-28 21:38:06 [INFO] [DatabaseManager]: [DB] Connected to database at ./data/whatsapp_automator.db
2025-07-28 21:38:06 [INFO] [DatabaseManager]: [DB] Table "accounts" checked/created successfully.
2025-07-28 21:38:06 [INFO] [DatabaseManager]: [DB] Table "message_map" checked/created successfully.
2025-07-28 21:38:06 [INFO] [DatabaseManager]: [DB] Table "whatsapp_groups" checked/created successfully.
2025-07-28 21:38:06 [INFO] [DatabaseManager]: [DB] Table "forwarding_rules" checked/created successfully.
2025-07-28 21:38:06 [INFO] [AppStartup]: [Startup] Database initialized successfully.
2025-07-28 21:38:06 [INFO] [AccountRepository]: [AccountRepository] Initialized.
2025-07-28 21:38:06 [INFO] [AccountManager]: [AccountManager] Initialized.
2025-07-28 21:38:06 [INFO] [AccountManager]: [AccountManager] Loading accounts from database...
2025-07-28 21:38:06 [INFO] [AccountRepository]: [AccountRepository] Initialized.
2025-07-28 21:38:06 [INFO] [WhatsAppClient] [Acc:default_test_account]: [WhatsAppClient-default_test_account] Instance created.
2025-07-28 21:38:06 [INFO] [AccountManager] [Acc:default_test_account]: [AccountManager] Loaded account from DB: default_test_account with status connected.
2025-07-28 21:38:06 [INFO] [AccountManager]: [AccountManager] Successfully loaded 1 accounts from DB.
2025-07-28 21:38:06 [INFO] [AccountManager]: [AccountManager] Starting all accounts...
2025-07-28 21:38:06 [INFO] [DBCleanup]: [DB Cleanup] Scheduled periodic DB cleanup every 168 hours.
2025-07-28 21:38:06 [INFO] [DBCleanup]: [DB Cleanup] Starting old records cleanup...
2025-07-28 21:38:06 [INFO] [HttpApi]: [HTTP API] API Server started on http://localhost:3000
2025-07-28 21:38:06 [INFO] [AccountRepository] [Acc:default_test_account]: [AccountRepository] Account default_test_account status updated to connecting.
2025-07-28 21:38:06 [INFO] [AccountManager] [Acc:default_test_account]: [AccountManager] Starting account default_test_account...
2025-07-28 21:38:06 [INFO] [WhatsAppClient] [Acc:default_test_account]: [WhatsAppClient-default_test_account] Initializing client...
2025-07-28 21:38:06 [INFO] [DBCleanup]: [DB Cleanup] Deleted 0 old records from message_map (older than 30 days).
2025-07-28 21:38:06 [INFO] [DBCleanup]: [DB Cleanup] Deleted 0 old records from whatsapp_groups (older than 90 days).
2025-07-28 21:38:06 [INFO] [DBCleanup]: [DB Cleanup] Cleanup finished.
2025-07-28 21:38:06 [INFO] [AppStartup]: [Startup] Application fully started and awaiting events.
2025-07-28 21:38:12 [INFO] [WhatsAppClient] [Acc:default_test_account]: [WhatsAppClient-default_test_account] Client is ready and connected!
2025-07-28 21:38:12 [INFO] [AccountRepository] [Acc:default_test_account]: [AccountRepository] Account default_test_account status updated to connected.
2025-07-28 21:38:45 [INFO] [AppStartup]: [Config] Configuration validation successful.
2025-07-28 21:38:45 [INFO] [AppStartup] [PID:10484]: [Startup] Application starting. PID: 10484
2025-07-28 21:38:45 [INFO] [DatabaseManager]: [DB] DatabaseManager instance created.
2025-07-28 21:38:45 [INFO] [DatabaseManager]: [DB] Connected to database at ./data/whatsapp_automator.db
2025-07-28 21:38:45 [INFO] [DatabaseManager]: [DB] Table "accounts" checked/created successfully.
2025-07-28 21:38:45 [INFO] [DatabaseManager]: [DB] Table "message_map" checked/created successfully.
2025-07-28 21:38:45 [INFO] [DatabaseManager]: [DB] Table "whatsapp_groups" checked/created successfully.
2025-07-28 21:38:45 [INFO] [DatabaseManager]: [DB] Table "forwarding_rules" checked/created successfully.
2025-07-28 21:38:45 [INFO] [AppStartup]: [Startup] Database initialized successfully.
2025-07-28 21:38:45 [INFO] [AccountRepository]: [AccountRepository] Initialized.
2025-07-28 21:38:45 [INFO] [AccountManager]: [AccountManager] Initialized.
2025-07-28 21:38:45 [INFO] [AccountManager]: [AccountManager] Loading accounts from database...
2025-07-28 21:38:45 [INFO] [AccountRepository]: [AccountRepository] Initialized.
2025-07-28 21:38:45 [INFO] [WhatsAppClient] [Acc:default_test_account]: [WhatsAppClient-default_test_account] Instance created.
2025-07-28 21:38:45 [INFO] [AccountManager] [Acc:default_test_account]: [AccountManager] Loaded account from DB: default_test_account with status connected.
2025-07-28 21:38:45 [INFO] [AccountManager]: [AccountManager] Successfully loaded 1 accounts from DB.
2025-07-28 21:38:45 [INFO] [AccountManager]: [AccountManager] Starting all accounts...
2025-07-28 21:38:45 [INFO] [DBCleanup]: [DB Cleanup] Scheduled periodic DB cleanup every 168 hours.
2025-07-28 21:38:45 [INFO] [DBCleanup]: [DB Cleanup] Starting old records cleanup...
2025-07-28 21:38:45 [INFO] [HttpApi]: [HTTP API] API Server started on http://localhost:3000
2025-07-28 21:38:45 [INFO] [AccountRepository] [Acc:default_test_account]: [AccountRepository] Account default_test_account status updated to connecting.
2025-07-28 21:38:45 [INFO] [AccountManager] [Acc:default_test_account]: [AccountManager] Starting account default_test_account...
2025-07-28 21:38:45 [INFO] [WhatsAppClient] [Acc:default_test_account]: [WhatsAppClient-default_test_account] Initializing client...
2025-07-28 21:38:45 [INFO] [DBCleanup]: [DB Cleanup] Deleted 0 old records from message_map (older than 30 days).
2025-07-28 21:38:45 [INFO] [DBCleanup]: [DB Cleanup] Deleted 0 old records from whatsapp_groups (older than 90 days).
2025-07-28 21:38:45 [INFO] [DBCleanup]: [DB Cleanup] Cleanup finished.
2025-07-28 21:38:45 [INFO] [AppStartup]: [Startup] Application fully started and awaiting events.
2025-07-28 21:38:48 [INFO] [AppStartup]: [Config] Configuration validation successful.
2025-07-28 21:38:48 [INFO] [AppStartup] [PID:27176]: [Startup] Application starting. PID: 27176
2025-07-28 21:38:48 [INFO] [DatabaseManager]: [DB] DatabaseManager instance created.
2025-07-28 21:38:48 [INFO] [DatabaseManager]: [DB] Connected to database at ./data/whatsapp_automator.db
2025-07-28 21:38:48 [INFO] [DatabaseManager]: [DB] Table "accounts" checked/created successfully.
2025-07-28 21:38:48 [INFO] [DatabaseManager]: [DB] Table "message_map" checked/created successfully.
2025-07-28 21:38:48 [INFO] [DatabaseManager]: [DB] Table "whatsapp_groups" checked/created successfully.
2025-07-28 21:38:48 [INFO] [DatabaseManager]: [DB] Table "forwarding_rules" checked/created successfully.
2025-07-28 21:38:48 [INFO] [AppStartup]: [Startup] Database initialized successfully.
2025-07-28 21:38:48 [INFO] [AccountRepository]: [AccountRepository] Initialized.
2025-07-28 21:38:48 [INFO] [AccountManager]: [AccountManager] Initialized.
2025-07-28 21:38:48 [INFO] [AccountManager]: [AccountManager] Loading accounts from database...
2025-07-28 21:38:48 [INFO] [AccountRepository]: [AccountRepository] Initialized.
2025-07-28 21:38:48 [INFO] [WhatsAppClient] [Acc:default_test_account]: [WhatsAppClient-default_test_account] Instance created.
2025-07-28 21:38:48 [INFO] [AccountManager] [Acc:default_test_account]: [AccountManager] Loaded account from DB: default_test_account with status connecting.
2025-07-28 21:38:48 [INFO] [AccountManager]: [AccountManager] Successfully loaded 1 accounts from DB.
2025-07-28 21:38:48 [INFO] [AccountManager]: [AccountManager] Starting all accounts...
2025-07-28 21:38:48 [INFO] [DBCleanup]: [DB Cleanup] Scheduled periodic DB cleanup every 168 hours.
2025-07-28 21:38:48 [INFO] [DBCleanup]: [DB Cleanup] Starting old records cleanup...
2025-07-28 21:38:48 [INFO] [HttpApi]: [HTTP API] API Server started on http://localhost:3000
2025-07-28 21:38:48 [INFO] [AccountRepository] [Acc:default_test_account]: [AccountRepository] Account default_test_account status updated to connecting.
2025-07-28 21:38:48 [INFO] [AccountManager] [Acc:default_test_account]: [AccountManager] Starting account default_test_account...
2025-07-28 21:38:48 [INFO] [WhatsAppClient] [Acc:default_test_account]: [WhatsAppClient-default_test_account] Initializing client...
2025-07-28 21:38:48 [INFO] [DBCleanup]: [DB Cleanup] Deleted 0 old records from message_map (older than 30 days).
2025-07-28 21:38:48 [INFO] [DBCleanup]: [DB Cleanup] Deleted 0 old records from whatsapp_groups (older than 90 days).
2025-07-28 21:38:48 [INFO] [DBCleanup]: [DB Cleanup] Cleanup finished.
2025-07-28 21:38:48 [INFO] [AppStartup]: [Startup] Application fully started and awaiting events.
2025-07-28 21:38:54 [INFO] [WhatsAppClient] [Acc:default_test_account]: [WhatsAppClient-default_test_account] Client is ready and connected!
2025-07-28 21:38:54 [INFO] [AccountRepository] [Acc:default_test_account]: [AccountRepository] Account default_test_account status updated to connected.
2025-07-28 21:39:08 [INFO] [AppStartup]: [Config] Configuration validation successful.
2025-07-28 21:39:08 [INFO] [AppStartup] [PID:28416]: [Startup] Application starting. PID: 28416
2025-07-28 21:39:08 [INFO] [DatabaseManager]: [DB] DatabaseManager instance created.
2025-07-28 21:39:08 [INFO] [DatabaseManager]: [DB] Connected to database at ./data/whatsapp_automator.db
2025-07-28 21:39:08 [INFO] [DatabaseManager]: [DB] Table "accounts" checked/created successfully.
2025-07-28 21:39:08 [INFO] [DatabaseManager]: [DB] Table "message_map" checked/created successfully.
2025-07-28 21:39:08 [INFO] [DatabaseManager]: [DB] Table "whatsapp_groups" checked/created successfully.
2025-07-28 21:39:08 [INFO] [DatabaseManager]: [DB] Table "forwarding_rules" checked/created successfully.
2025-07-28 21:39:08 [INFO] [AppStartup]: [Startup] Database initialized successfully.
2025-07-28 21:39:08 [INFO] [AccountRepository]: [AccountRepository] Initialized.
2025-07-28 21:39:08 [INFO] [AccountManager]: [AccountManager] Initialized.
2025-07-28 21:39:08 [INFO] [AccountManager]: [AccountManager] Loading accounts from database...
2025-07-28 21:39:08 [INFO] [AccountRepository]: [AccountRepository] Initialized.
2025-07-28 21:39:08 [INFO] [WhatsAppClient] [Acc:default_test_account]: [WhatsAppClient-default_test_account] Instance created.
2025-07-28 21:39:08 [INFO] [AccountManager] [Acc:default_test_account]: [AccountManager] Loaded account from DB: default_test_account with status connected.
2025-07-28 21:39:08 [INFO] [AccountManager]: [AccountManager] Successfully loaded 1 accounts from DB.
2025-07-28 21:39:08 [INFO] [AccountManager]: [AccountManager] Starting all accounts...
2025-07-28 21:39:08 [INFO] [DBCleanup]: [DB Cleanup] Scheduled periodic DB cleanup every 168 hours.
2025-07-28 21:39:08 [INFO] [DBCleanup]: [DB Cleanup] Starting old records cleanup...
2025-07-28 21:39:08 [INFO] [HttpApi]: [HTTP API] API Server started on http://localhost:3000
2025-07-28 21:39:08 [INFO] [AccountRepository] [Acc:default_test_account]: [AccountRepository] Account default_test_account status updated to connecting.
2025-07-28 21:39:08 [INFO] [AccountManager] [Acc:default_test_account]: [AccountManager] Starting account default_test_account...
2025-07-28 21:39:08 [INFO] [WhatsAppClient] [Acc:default_test_account]: [WhatsAppClient-default_test_account] Initializing client...
2025-07-28 21:39:08 [INFO] [DBCleanup]: [DB Cleanup] Deleted 0 old records from message_map (older than 30 days).
2025-07-28 21:39:08 [INFO] [DBCleanup]: [DB Cleanup] Deleted 0 old records from whatsapp_groups (older than 90 days).
2025-07-28 21:39:08 [INFO] [DBCleanup]: [DB Cleanup] Cleanup finished.
2025-07-28 21:39:08 [INFO] [AppStartup]: [Startup] Application fully started and awaiting events.
2025-07-28 21:39:13 [INFO] [WhatsAppClient] [Acc:default_test_account]: [WhatsAppClient-default_test_account] Client is ready and connected!
2025-07-28 21:39:14 [INFO] [AccountRepository] [Acc:default_test_account]: [AccountRepository] Account default_test_account status updated to connected.
2025-07-28 21:39:37 [INFO] [AppStartup]: [Config] Configuration validation successful.
2025-07-28 21:39:37 [INFO] [AppStartup] [PID:30044]: [Startup] Application starting. PID: 30044
2025-07-28 21:39:37 [INFO] [DatabaseManager]: [DB] DatabaseManager instance created.
2025-07-28 21:39:37 [INFO] [DatabaseManager]: [DB] Connected to database at ./data/whatsapp_automator.db
2025-07-28 21:39:37 [INFO] [DatabaseManager]: [DB] Table "accounts" checked/created successfully.
2025-07-28 21:39:37 [INFO] [DatabaseManager]: [DB] Table "message_map" checked/created successfully.
2025-07-28 21:39:37 [INFO] [DatabaseManager]: [DB] Table "whatsapp_groups" checked/created successfully.
2025-07-28 21:39:37 [INFO] [DatabaseManager]: [DB] Table "forwarding_rules" checked/created successfully.
2025-07-28 21:39:37 [INFO] [AppStartup]: [Startup] Database initialized successfully.
2025-07-28 21:39:37 [INFO] [AccountRepository]: [AccountRepository] Initialized.
2025-07-28 21:39:37 [INFO] [AccountManager]: [AccountManager] Initialized.
2025-07-28 21:39:37 [INFO] [AccountManager]: [AccountManager] Loading accounts from database...
2025-07-28 21:39:37 [INFO] [AccountRepository]: [AccountRepository] Initialized.
2025-07-28 21:39:37 [INFO] [WhatsAppClient] [Acc:default_test_account]: [WhatsAppClient-default_test_account] Instance created.
2025-07-28 21:39:37 [INFO] [AccountManager] [Acc:default_test_account]: [AccountManager] Loaded account from DB: default_test_account with status connected.
2025-07-28 21:39:37 [INFO] [AccountManager]: [AccountManager] Successfully loaded 1 accounts from DB.
2025-07-28 21:39:37 [INFO] [AccountManager]: [AccountManager] Starting all accounts...
2025-07-28 21:39:37 [INFO] [DBCleanup]: [DB Cleanup] Scheduled periodic DB cleanup every 168 hours.
2025-07-28 21:39:37 [INFO] [DBCleanup]: [DB Cleanup] Starting old records cleanup...
2025-07-28 21:39:37 [INFO] [HttpApi]: [HTTP API] API Server started on http://localhost:3000
2025-07-28 21:39:37 [INFO] [AccountRepository] [Acc:default_test_account]: [AccountRepository] Account default_test_account status updated to connecting.
2025-07-28 21:39:37 [INFO] [AccountManager] [Acc:default_test_account]: [AccountManager] Starting account default_test_account...
2025-07-28 21:39:37 [INFO] [WhatsAppClient] [Acc:default_test_account]: [WhatsAppClient-default_test_account] Initializing client...
2025-07-28 21:39:37 [INFO] [DBCleanup]: [DB Cleanup] Deleted 0 old records from message_map (older than 30 days).
2025-07-28 21:39:37 [INFO] [DBCleanup]: [DB Cleanup] Deleted 0 old records from whatsapp_groups (older than 90 days).
2025-07-28 21:39:37 [INFO] [DBCleanup]: [DB Cleanup] Cleanup finished.
2025-07-28 21:39:37 [INFO] [AppStartup]: [Startup] Application fully started and awaiting events.
2025-07-28 21:39:43 [INFO] [WhatsAppClient] [Acc:default_test_account]: [WhatsAppClient-default_test_account] Client is ready and connected!
2025-07-28 21:39:43 [INFO] [AccountRepository] [Acc:default_test_account]: [AccountRepository] Account default_test_account status updated to connected.
2025-07-28 21:39:51 [INFO] [AppShutdown]: [Shutdown] SIGINT signal received. Starting graceful shutdown...
